2023-10-24 15:54:57 INFO  main o.s.b.t.context.SpringBootTestContextBootstrapper Neither @ContextConfiguration nor @ContextHierarchy found for test class [com.lgl.qidian.QidianApplicationTests], using SpringBootContextLoader 
2023-10-24 15:54:57 INFO  main o.s.test.context.support.AbstractContextLoader Could not detect default resource locations for test class [com.lgl.qidian.QidianApplicationTests]: no resource found for suffixes {-context.xml, Context.groovy}. 
2023-10-24 15:54:57 INFO  main o.s.t.c.support.AnnotationConfigContextLoaderUtils Could not detect default configuration classes for test class [com.lgl.qidian.QidianApplicationTests]: QidianApplicationTests does not declare any static, non-private, non-final, nested classes annotated with @Configuration. 
2023-10-24 15:54:57 INFO  main o.s.b.t.context.SpringBootTestContextBootstrapper Found @SpringBootConfiguration com.lgl.qidian.QidianApplication for test class com.lgl.qidian.QidianApplicationTests 
2023-10-24 15:54:58 INFO  main o.s.b.t.context.SpringBootTestContextBootstrapper Loaded default TestExecutionListener class names from location [META-INF/spring.factories]: [org.springframework.boot.test.mock.mockito.MockitoTestExecutionListener, org.springframework.boot.test.mock.mockito.ResetMocksTestExecutionListener, org.springframework.boot.test.autoconfigure.restdocs.RestDocsTestExecutionListener, org.springframework.boot.test.autoconfigure.web.client.MockRestServiceServerResetTestExecutionListener, org.springframework.boot.test.autoconfigure.web.servlet.MockMvcPrintOnlyOnFailureTestExecutionListener, org.springframework.boot.test.autoconfigure.web.servlet.WebDriverTestExecutionListener, org.springframework.boot.test.autoconfigure.webservices.client.MockWebServiceServerTestExecutionListener, org.springframework.test.context.web.ServletTestExecutionListener, org.springframework.test.context.support.DirtiesContextBeforeModesTestExecutionListener, org.springframework.test.context.event.ApplicationEventsTestExecutionListener, org.springframework.test.context.support.DependencyInjectionTestExecutionListener, org.springframework.test.context.support.DirtiesContextTestExecutionListener, org.springframework.test.context.transaction.TransactionalTestExecutionListener, org.springframework.test.context.jdbc.SqlScriptsTestExecutionListener, org.springframework.test.context.event.EventPublishingTestExecutionListener] 
2023-10-24 15:54:58 INFO  main o.s.b.t.context.SpringBootTestContextBootstrapper Using TestExecutionListeners: [org.springframework.test.context.web.ServletTestExecutionListener@78365cfa, org.springframework.test.context.support.DirtiesContextBeforeModesTestExecutionListener@64a8c844, org.springframework.test.context.event.ApplicationEventsTestExecutionListener@3f6db3fb, org.springframework.boot.test.mock.mockito.MockitoTestExecutionListener@52de51b6, org.springframework.boot.test.autoconfigure.SpringBootDependencyInjectionTestExecutionListener@18c5069b, org.springframework.test.context.support.DirtiesContextTestExecutionListener@3a0d172f, org.springframework.test.context.transaction.TransactionalTestExecutionListener@68ad99fe, org.springframework.test.context.jdbc.SqlScriptsTestExecutionListener@485e36bc, org.springframework.test.context.event.EventPublishingTestExecutionListener@781f10f2, org.springframework.boot.test.mock.mockito.ResetMocksTestExecutionListener@2a79d4b1, org.springframework.boot.test.autoconfigure.restdocs.RestDocsTestExecutionListener@2e9fda69, org.springframework.boot.test.autoconfigure.web.client.MockRestServiceServerResetTestExecutionListener@17cdf2d0, org.springframework.boot.test.autoconfigure.web.servlet.MockMvcPrintOnlyOnFailureTestExecutionListener@1755e85b, org.springframework.boot.test.autoconfigure.web.servlet.WebDriverTestExecutionListener@736d6a5c, org.springframework.boot.test.autoconfigure.webservices.client.MockWebServiceServerTestExecutionListener@2371aaca] 
2023-10-24 15:54:59 INFO  main com.lgl.qidian.QidianApplicationTests Starting QidianApplicationTests using Java 11.0.18 on lgl with PID 12416 (started by ASUS in D:\ideaWork\qidian) 
2023-10-24 15:54:59 INFO  main com.lgl.qidian.QidianApplicationTests No active profile set, falling back to 1 default profile: "default" 
2023-10-24 15:54:59 INFO  background-preinit org.hibernate.validator.internal.util.Version HV000001: Hibernate Validator 6.2.5.Final 
2023-10-24 15:55:00 INFO  main o.s.d.r.config.RepositoryConfigurationDelegate Multiple Spring Data modules found, entering strict repository configuration mode 
2023-10-24 15:55:00 INFO  main o.s.d.r.config.RepositoryConfigurationDelegate Bootstrapping Spring Data Redis repositories in DEFAULT mode. 
2023-10-24 15:55:00 INFO  main o.s.d.r.config.RepositoryConfigurationDelegate Finished Spring Data repository scanning in 19 ms. Found 0 Redis repository interfaces. 
2023-10-24 15:55:02 INFO  main o.s.boot.web.embedded.tomcat.TomcatWebServer Tomcat initialized with port(s): 0 (http) 
2023-10-24 15:55:02 INFO  main org.apache.catalina.core.AprLifecycleListener Loaded Apache Tomcat Native library [1.2.36] using APR version [1.7.2]. 
2023-10-24 15:55:02 INFO  main org.apache.catalina.core.AprLifecycleListener APR capabilities: IPv6 [true], sendfile [true], accept filters [false], random [true], UDS [true]. 
2023-10-24 15:55:02 INFO  main org.apache.catalina.core.AprLifecycleListener APR/OpenSSL configuration: useAprConnector [false], useOpenSSL [true] 
2023-10-24 15:55:02 INFO  main org.apache.catalina.core.AprLifecycleListener OpenSSL successfully initialized [OpenSSL 1.1.1t  7 Feb 2023] 
2023-10-24 15:55:02 INFO  main org.apache.coyote.http11.Http11NioProtocol Initializing ProtocolHandler ["http-nio-auto-1"] 
2023-10-24 15:55:02 INFO  main org.apache.catalina.core.StandardService Starting service [Tomcat] 
2023-10-24 15:55:02 INFO  main org.apache.catalina.core.StandardEngine Starting Servlet engine: [Apache Tomcat/9.0.76] 
2023-10-24 15:55:02 INFO  main o.a.c.core.ContainerBase.[Tomcat].[localhost].[/] Initializing Spring embedded WebApplicationContext 
2023-10-24 15:55:02 INFO  main o.s.b.w.s.c.ServletWebServerApplicationContext Root WebApplicationContext: initialization completed in 3017 ms 
2023-10-24 15:55:05 INFO  main o.s.security.web.DefaultSecurityFilterChain Will secure any request with [org.springframework.security.web.session.DisableEncodeUrlFilter@d960561, org.springframework.security.web.context.request.async.WebAsyncManagerIntegrationFilter@3aa63b53, org.springframework.security.web.context.SecurityContextPersistenceFilter@619854a3, com.lgl.qidian.filter.security.TokenFilter@5611bba, org.springframework.security.web.header.HeaderWriterFilter@7253c53, org.springframework.security.web.authentication.logout.LogoutFilter@2db6ba81, org.springframework.security.web.savedrequest.RequestCacheAwareFilter@6ed87ccf, org.springframework.security.web.servletapi.SecurityContextHolderAwareRequestFilter@3095d06b, org.springframework.security.web.authentication.AnonymousAuthenticationFilter@39a9becc, org.springframework.security.web.session.SessionManagementFilter@67f0bf7e, org.springframework.security.web.access.ExceptionTranslationFilter@6fb219dd, org.springframework.security.web.access.intercept.FilterSecurityInterceptor@261b6c8c] 
2023-10-24 15:55:05 INFO  main org.apache.coyote.http11.Http11NioProtocol Starting ProtocolHandler ["http-nio-auto-1"] 
2023-10-24 15:55:05 INFO  main o.s.boot.web.embedded.tomcat.TomcatWebServer Tomcat started on port(s): 3567 (http) with context path '' 
2023-10-24 15:55:05 INFO  main com.lgl.qidian.QidianApplicationTests Started QidianApplicationTests in 6.839 seconds (JVM running for 10.007) 
2023-10-24 15:55:05 INFO  main o.s.b.f.a.AutowiredAnnotationBeanPostProcessor Autowired annotation should only be used on methods with parameters: public void com.lgl.qidian.QidianApplicationTests.testTrancationalAop() 
2023-10-24 19:11:05 INFO  main o.s.b.t.context.SpringBootTestContextBootstrapper Neither @ContextConfiguration nor @ContextHierarchy found for test class [com.lgl.qidian.QidianApplicationTests], using SpringBootContextLoader 
2023-10-24 19:11:05 INFO  main o.s.test.context.support.AbstractContextLoader Could not detect default resource locations for test class [com.lgl.qidian.QidianApplicationTests]: no resource found for suffixes {-context.xml, Context.groovy}. 
2023-10-24 19:11:05 INFO  main o.s.t.c.support.AnnotationConfigContextLoaderUtils Could not detect default configuration classes for test class [com.lgl.qidian.QidianApplicationTests]: QidianApplicationTests does not declare any static, non-private, non-final, nested classes annotated with @Configuration. 
2023-10-24 19:11:06 INFO  main o.s.b.t.context.SpringBootTestContextBootstrapper Found @SpringBootConfiguration com.lgl.qidian.QidianApplication for test class com.lgl.qidian.QidianApplicationTests 
2023-10-24 19:11:06 INFO  main o.s.b.t.context.SpringBootTestContextBootstrapper Loaded default TestExecutionListener class names from location [META-INF/spring.factories]: [org.springframework.boot.test.mock.mockito.MockitoTestExecutionListener, org.springframework.boot.test.mock.mockito.ResetMocksTestExecutionListener, org.springframework.boot.test.autoconfigure.restdocs.RestDocsTestExecutionListener, org.springframework.boot.test.autoconfigure.web.client.MockRestServiceServerResetTestExecutionListener, org.springframework.boot.test.autoconfigure.web.servlet.MockMvcPrintOnlyOnFailureTestExecutionListener, org.springframework.boot.test.autoconfigure.web.servlet.WebDriverTestExecutionListener, org.springframework.boot.test.autoconfigure.webservices.client.MockWebServiceServerTestExecutionListener, org.springframework.test.context.web.ServletTestExecutionListener, org.springframework.test.context.support.DirtiesContextBeforeModesTestExecutionListener, org.springframework.test.context.event.ApplicationEventsTestExecutionListener, org.springframework.test.context.support.DependencyInjectionTestExecutionListener, org.springframework.test.context.support.DirtiesContextTestExecutionListener, org.springframework.test.context.transaction.TransactionalTestExecutionListener, org.springframework.test.context.jdbc.SqlScriptsTestExecutionListener, org.springframework.test.context.event.EventPublishingTestExecutionListener] 
2023-10-24 19:11:06 INFO  main o.s.b.t.context.SpringBootTestContextBootstrapper Using TestExecutionListeners: [org.springframework.test.context.web.ServletTestExecutionListener@5829e4f4, org.springframework.test.context.support.DirtiesContextBeforeModesTestExecutionListener@4218500f, org.springframework.test.context.event.ApplicationEventsTestExecutionListener@4bff64c2, org.springframework.boot.test.mock.mockito.MockitoTestExecutionListener@1b2c4efb, org.springframework.boot.test.autoconfigure.SpringBootDependencyInjectionTestExecutionListener@c35172e, org.springframework.test.context.support.DirtiesContextTestExecutionListener@c2db68f, org.springframework.test.context.transaction.TransactionalTestExecutionListener@3cc41abc, org.springframework.test.context.jdbc.SqlScriptsTestExecutionListener@4566d049, org.springframework.test.context.event.EventPublishingTestExecutionListener@61ce23ac, org.springframework.boot.test.mock.mockito.ResetMocksTestExecutionListener@3668d4, org.springframework.boot.test.autoconfigure.restdocs.RestDocsTestExecutionListener@1c3b9394, org.springframework.boot.test.autoconfigure.web.client.MockRestServiceServerResetTestExecutionListener@6f2cfcc2, org.springframework.boot.test.autoconfigure.web.servlet.MockMvcPrintOnlyOnFailureTestExecutionListener@7f6f61c8, org.springframework.boot.test.autoconfigure.web.servlet.WebDriverTestExecutionListener@4c2cc639, org.springframework.boot.test.autoconfigure.webservices.client.MockWebServiceServerTestExecutionListener@ccb4b1b] 
2023-10-24 19:11:07 INFO  main com.lgl.qidian.QidianApplicationTests Starting QidianApplicationTests using Java 11.0.18 on lgl with PID 10268 (started by ASUS in D:\ideaWork\qidian) 
2023-10-24 19:11:07 INFO  main com.lgl.qidian.QidianApplicationTests No active profile set, falling back to 1 default profile: "default" 
2023-10-24 19:11:07 INFO  background-preinit org.hibernate.validator.internal.util.Version HV000001: Hibernate Validator 6.2.5.Final 
2023-10-24 19:11:08 INFO  main o.s.d.r.config.RepositoryConfigurationDelegate Multiple Spring Data modules found, entering strict repository configuration mode 
2023-10-24 19:11:08 INFO  main o.s.d.r.config.RepositoryConfigurationDelegate Bootstrapping Spring Data Redis repositories in DEFAULT mode. 
2023-10-24 19:11:08 INFO  main o.s.d.r.config.RepositoryConfigurationDelegate Finished Spring Data repository scanning in 24 ms. Found 0 Redis repository interfaces. 
2023-10-24 19:11:10 INFO  main o.s.boot.web.embedded.tomcat.TomcatWebServer Tomcat initialized with port(s): 0 (http) 
2023-10-24 19:11:10 INFO  main org.apache.catalina.core.AprLifecycleListener Loaded Apache Tomcat Native library [1.2.36] using APR version [1.7.2]. 
2023-10-24 19:11:10 INFO  main org.apache.catalina.core.AprLifecycleListener APR capabilities: IPv6 [true], sendfile [true], accept filters [false], random [true], UDS [true]. 
2023-10-24 19:11:10 INFO  main org.apache.catalina.core.AprLifecycleListener APR/OpenSSL configuration: useAprConnector [false], useOpenSSL [true] 
2023-10-24 19:11:10 INFO  main org.apache.catalina.core.AprLifecycleListener OpenSSL successfully initialized [OpenSSL 1.1.1t  7 Feb 2023] 
2023-10-24 19:11:10 INFO  main org.apache.coyote.http11.Http11NioProtocol Initializing ProtocolHandler ["http-nio-auto-1"] 
2023-10-24 19:11:10 INFO  main org.apache.catalina.core.StandardService Starting service [Tomcat] 
2023-10-24 19:11:10 INFO  main org.apache.catalina.core.StandardEngine Starting Servlet engine: [Apache Tomcat/9.0.76] 
2023-10-24 19:11:10 INFO  main o.a.c.core.ContainerBase.[Tomcat].[localhost].[/] Initializing Spring embedded WebApplicationContext 
2023-10-24 19:11:10 INFO  main o.s.b.w.s.c.ServletWebServerApplicationContext Root WebApplicationContext: initialization completed in 2767 ms 
2023-10-24 19:11:13 INFO  main o.s.security.web.DefaultSecurityFilterChain Will secure any request with [org.springframework.security.web.session.DisableEncodeUrlFilter@29d33f1, org.springframework.security.web.context.request.async.WebAsyncManagerIntegrationFilter@77e5c765, org.springframework.security.web.context.SecurityContextPersistenceFilter@64e3bc2, com.lgl.qidian.filter.security.TokenFilter@2a5c6b76, org.springframework.security.web.header.HeaderWriterFilter@6f7241c2, org.springframework.security.web.authentication.logout.LogoutFilter@5c03eb4e, org.springframework.security.web.savedrequest.RequestCacheAwareFilter@3c1df0e9, org.springframework.security.web.servletapi.SecurityContextHolderAwareRequestFilter@5c16561a, org.springframework.security.web.authentication.AnonymousAuthenticationFilter@5daa621b, org.springframework.security.web.session.SessionManagementFilter@7771c4e, org.springframework.security.web.access.ExceptionTranslationFilter@1bb0fa38, org.springframework.security.web.access.intercept.FilterSecurityInterceptor@7b33deed] 
2023-10-24 19:11:13 INFO  main org.apache.coyote.http11.Http11NioProtocol Starting ProtocolHandler ["http-nio-auto-1"] 
2023-10-24 19:11:13 INFO  main o.s.boot.web.embedded.tomcat.TomcatWebServer Tomcat started on port(s): 7632 (http) with context path '' 
2023-10-24 19:11:13 INFO  main com.lgl.qidian.QidianApplicationTests Started QidianApplicationTests in 6.434 seconds (JVM running for 9.559) 
2023-10-24 19:11:13 INFO  main o.s.b.f.a.AutowiredAnnotationBeanPostProcessor Autowired annotation should only be used on methods with parameters: public void com.lgl.qidian.QidianApplicationTests.testTrancationalAop() 
2023-10-24 19:11:13 INFO  main test 这是一次测试 
2023-10-24 19:11:49 INFO  main o.s.b.t.context.SpringBootTestContextBootstrapper Neither @ContextConfiguration nor @ContextHierarchy found for test class [com.lgl.qidian.QidianApplicationTests], using SpringBootContextLoader 
2023-10-24 19:11:49 INFO  main o.s.test.context.support.AbstractContextLoader Could not detect default resource locations for test class [com.lgl.qidian.QidianApplicationTests]: no resource found for suffixes {-context.xml, Context.groovy}. 
2023-10-24 19:11:49 INFO  main o.s.t.c.support.AnnotationConfigContextLoaderUtils Could not detect default configuration classes for test class [com.lgl.qidian.QidianApplicationTests]: QidianApplicationTests does not declare any static, non-private, non-final, nested classes annotated with @Configuration. 
2023-10-24 19:11:50 INFO  main o.s.b.t.context.SpringBootTestContextBootstrapper Found @SpringBootConfiguration com.lgl.qidian.QidianApplication for test class com.lgl.qidian.QidianApplicationTests 
2023-10-24 19:11:50 INFO  main o.s.b.t.context.SpringBootTestContextBootstrapper Loaded default TestExecutionListener class names from location [META-INF/spring.factories]: [org.springframework.boot.test.mock.mockito.MockitoTestExecutionListener, org.springframework.boot.test.mock.mockito.ResetMocksTestExecutionListener, org.springframework.boot.test.autoconfigure.restdocs.RestDocsTestExecutionListener, org.springframework.boot.test.autoconfigure.web.client.MockRestServiceServerResetTestExecutionListener, org.springframework.boot.test.autoconfigure.web.servlet.MockMvcPrintOnlyOnFailureTestExecutionListener, org.springframework.boot.test.autoconfigure.web.servlet.WebDriverTestExecutionListener, org.springframework.boot.test.autoconfigure.webservices.client.MockWebServiceServerTestExecutionListener, org.springframework.test.context.web.ServletTestExecutionListener, org.springframework.test.context.support.DirtiesContextBeforeModesTestExecutionListener, org.springframework.test.context.event.ApplicationEventsTestExecutionListener, org.springframework.test.context.support.DependencyInjectionTestExecutionListener, org.springframework.test.context.support.DirtiesContextTestExecutionListener, org.springframework.test.context.transaction.TransactionalTestExecutionListener, org.springframework.test.context.jdbc.SqlScriptsTestExecutionListener, org.springframework.test.context.event.EventPublishingTestExecutionListener] 
2023-10-24 19:11:50 INFO  main o.s.b.t.context.SpringBootTestContextBootstrapper Using TestExecutionListeners: [org.springframework.test.context.web.ServletTestExecutionListener@395b56bb, org.springframework.test.context.support.DirtiesContextBeforeModesTestExecutionListener@256f8274, org.springframework.test.context.event.ApplicationEventsTestExecutionListener@68044f4, org.springframework.boot.test.mock.mockito.MockitoTestExecutionListener@52d239ba, org.springframework.boot.test.autoconfigure.SpringBootDependencyInjectionTestExecutionListener@315f43d5, org.springframework.test.context.support.DirtiesContextTestExecutionListener@68fa0ba8, org.springframework.test.context.transaction.TransactionalTestExecutionListener@6c5945a7, org.springframework.test.context.jdbc.SqlScriptsTestExecutionListener@2f05be7f, org.springframework.test.context.event.EventPublishingTestExecutionListener@640f11a1, org.springframework.boot.test.mock.mockito.ResetMocksTestExecutionListener@5c10f1c3, org.springframework.boot.test.autoconfigure.restdocs.RestDocsTestExecutionListener@7ac2e39b, org.springframework.boot.test.autoconfigure.web.client.MockRestServiceServerResetTestExecutionListener@78365cfa, org.springframework.boot.test.autoconfigure.web.servlet.MockMvcPrintOnlyOnFailureTestExecutionListener@64a8c844, org.springframework.boot.test.autoconfigure.web.servlet.WebDriverTestExecutionListener@3f6db3fb, org.springframework.boot.test.autoconfigure.webservices.client.MockWebServiceServerTestExecutionListener@52de51b6] 
2023-10-24 19:11:51 INFO  main com.lgl.qidian.QidianApplicationTests Starting QidianApplicationTests using Java 11.0.18 on lgl with PID 11272 (started by ASUS in D:\ideaWork\qidian) 
2023-10-24 19:11:51 INFO  main com.lgl.qidian.QidianApplicationTests No active profile set, falling back to 1 default profile: "default" 
2023-10-24 19:11:51 INFO  background-preinit org.hibernate.validator.internal.util.Version HV000001: Hibernate Validator 6.2.5.Final 
2023-10-24 19:11:53 INFO  main o.s.d.r.config.RepositoryConfigurationDelegate Multiple Spring Data modules found, entering strict repository configuration mode 
2023-10-24 19:11:53 INFO  main o.s.d.r.config.RepositoryConfigurationDelegate Bootstrapping Spring Data Redis repositories in DEFAULT mode. 
2023-10-24 19:11:53 INFO  main o.s.d.r.config.RepositoryConfigurationDelegate Finished Spring Data repository scanning in 21 ms. Found 0 Redis repository interfaces. 
2023-10-24 19:11:54 INFO  main o.s.boot.web.embedded.tomcat.TomcatWebServer Tomcat initialized with port(s): 0 (http) 
2023-10-24 19:11:54 INFO  main org.apache.catalina.core.AprLifecycleListener Loaded Apache Tomcat Native library [1.2.36] using APR version [1.7.2]. 
2023-10-24 19:11:54 INFO  main org.apache.catalina.core.AprLifecycleListener APR capabilities: IPv6 [true], sendfile [true], accept filters [false], random [true], UDS [true]. 
2023-10-24 19:11:54 INFO  main org.apache.catalina.core.AprLifecycleListener APR/OpenSSL configuration: useAprConnector [false], useOpenSSL [true] 
2023-10-24 19:11:54 INFO  main org.apache.catalina.core.AprLifecycleListener OpenSSL successfully initialized [OpenSSL 1.1.1t  7 Feb 2023] 
2023-10-24 19:11:54 INFO  main org.apache.coyote.http11.Http11NioProtocol Initializing ProtocolHandler ["http-nio-auto-1"] 
2023-10-24 19:11:54 INFO  main org.apache.catalina.core.StandardService Starting service [Tomcat] 
2023-10-24 19:11:54 INFO  main org.apache.catalina.core.StandardEngine Starting Servlet engine: [Apache Tomcat/9.0.76] 
2023-10-24 19:11:54 INFO  main o.a.c.core.ContainerBase.[Tomcat].[localhost].[/] Initializing Spring embedded WebApplicationContext 
2023-10-24 19:11:54 INFO  main o.s.b.w.s.c.ServletWebServerApplicationContext Root WebApplicationContext: initialization completed in 3391 ms 
2023-10-24 19:11:57 INFO  main o.s.security.web.DefaultSecurityFilterChain Will secure any request with [org.springframework.security.web.session.DisableEncodeUrlFilter@3050d479, org.springframework.security.web.context.request.async.WebAsyncManagerIntegrationFilter@5c7a06ec, org.springframework.security.web.context.SecurityContextPersistenceFilter@43a8bd35, com.lgl.qidian.filter.security.TokenFilter@75dc1c1c, org.springframework.security.web.header.HeaderWriterFilter@3294102e, org.springframework.security.web.authentication.logout.LogoutFilter@65bb4cb9, org.springframework.security.web.savedrequest.RequestCacheAwareFilter@28ceb25e, org.springframework.security.web.servletapi.SecurityContextHolderAwareRequestFilter@66d6e50b, org.springframework.security.web.authentication.AnonymousAuthenticationFilter@697b48e4, org.springframework.security.web.session.SessionManagementFilter@326dbe25, org.springframework.security.web.access.ExceptionTranslationFilter@684f7f1c, org.springframework.security.web.access.intercept.FilterSecurityInterceptor@2484c868] 
2023-10-24 19:11:57 INFO  main org.apache.coyote.http11.Http11NioProtocol Starting ProtocolHandler ["http-nio-auto-1"] 
2023-10-24 19:11:57 INFO  main o.s.boot.web.embedded.tomcat.TomcatWebServer Tomcat started on port(s): 7701 (http) with context path '' 
2023-10-24 19:11:57 INFO  main com.lgl.qidian.QidianApplicationTests Started QidianApplicationTests in 6.808 seconds (JVM running for 9.203) 
2023-10-24 19:11:57 INFO  main o.s.b.f.a.AutowiredAnnotationBeanPostProcessor Autowired annotation should only be used on methods with parameters: public void com.lgl.qidian.QidianApplicationTests.testTrancationalAop() 
2023-10-24 19:11:57 INFO  main test 这是一次测试 
