2023-10-20 13:56:01 INFO  main com.lgl.qidian.QidianApplication Starting QidianApplication using Java 11.0.18 on lgl with PID 14756 (D:\ideaWork\qidian\target\classes started by ASUS in D:\ideaWork\qidian) 
2023-10-20 13:56:01 INFO  background-preinit org.hibernate.validator.internal.util.Version HV000001: Hibernate Validator 6.2.5.Final 
2023-10-20 13:56:01 INFO  main com.lgl.qidian.QidianApplication No active profile set, falling back to 1 default profile: "default" 
2023-10-20 13:56:02 INFO  main o.s.d.r.config.RepositoryConfigurationDelegate Multiple Spring Data modules found, entering strict repository configuration mode 
2023-10-20 13:56:02 INFO  main o.s.d.r.config.RepositoryConfigurationDelegate Bootstrapping Spring Data Redis repositories in DEFAULT mode. 
2023-10-20 13:56:02 INFO  main o.s.d.r.config.RepositoryConfigurationDelegate Finished Spring Data repository scanning in 17 ms. Found 0 Redis repository interfaces. 
2023-10-20 13:56:03 INFO  main o.s.boot.web.embedded.tomcat.TomcatWebServer Tomcat initialized with port(s): 8080 (http) 
2023-10-20 13:56:03 INFO  main org.apache.catalina.core.AprLifecycleListener Loaded Apache Tomcat Native library [1.2.36] using APR version [1.7.2]. 
2023-10-20 13:56:03 INFO  main org.apache.catalina.core.AprLifecycleListener APR capabilities: IPv6 [true], sendfile [true], accept filters [false], random [true], UDS [true]. 
2023-10-20 13:56:03 INFO  main org.apache.catalina.core.AprLifecycleListener APR/OpenSSL configuration: useAprConnector [false], useOpenSSL [true] 
2023-10-20 13:56:03 INFO  main org.apache.catalina.core.AprLifecycleListener OpenSSL successfully initialized [OpenSSL 1.1.1t  7 Feb 2023] 
2023-10-20 13:56:03 INFO  main org.apache.coyote.http11.Http11NioProtocol Initializing ProtocolHandler ["http-nio-8080"] 
2023-10-20 13:56:03 INFO  main org.apache.catalina.core.StandardService Starting service [Tomcat] 
2023-10-20 13:56:03 INFO  main org.apache.catalina.core.StandardEngine Starting Servlet engine: [Apache Tomcat/9.0.76] 
2023-10-20 13:56:03 INFO  main o.a.c.core.ContainerBase.[Tomcat].[localhost].[/] Initializing Spring embedded WebApplicationContext 
2023-10-20 13:56:03 INFO  main o.s.b.w.s.c.ServletWebServerApplicationContext Root WebApplicationContext: initialization completed in 1834 ms 
2023-10-20 13:56:04 INFO  main o.s.security.web.DefaultSecurityFilterChain Will secure any request with [org.springframework.security.web.session.DisableEncodeUrlFilter@20fa5277, org.springframework.security.web.context.request.async.WebAsyncManagerIntegrationFilter@17a7d6c8, org.springframework.security.web.context.SecurityContextPersistenceFilter@6338afe2, com.lgl.qidian.filter.security.TokenFilter@13e00016, org.springframework.security.web.header.HeaderWriterFilter@1031c1a0, org.springframework.security.web.authentication.logout.LogoutFilter@73e399cc, org.springframework.security.web.savedrequest.RequestCacheAwareFilter@1c787389, org.springframework.security.web.servletapi.SecurityContextHolderAwareRequestFilter@7977f046, org.springframework.security.web.authentication.AnonymousAuthenticationFilter@4f2b1e9f, org.springframework.security.web.session.SessionManagementFilter@43090195, org.springframework.security.web.access.ExceptionTranslationFilter@86bf90b, org.springframework.security.web.access.intercept.FilterSecurityInterceptor@5b1f5fcc] 
2023-10-20 13:56:04 INFO  main org.apache.coyote.http11.Http11NioProtocol Starting ProtocolHandler ["http-nio-8080"] 
2023-10-20 13:56:04 INFO  main o.s.boot.web.embedded.tomcat.TomcatWebServer Tomcat started on port(s): 8080 (http) with context path '' 
2023-10-20 13:56:04 INFO  main com.lgl.qidian.QidianApplication Started QidianApplication in 4.149 seconds (JVM running for 6.321) 
2023-10-20 13:56:14 INFO  http-nio-8080-exec-1 o.a.c.core.ContainerBase.[Tomcat].[localhost].[/] Initializing Spring DispatcherServlet 'dispatcherServlet' 
2023-10-20 13:56:14 INFO  http-nio-8080-exec-1 org.springframework.web.servlet.DispatcherServlet Initializing Servlet 'dispatcherServlet' 
2023-10-20 13:56:14 INFO  http-nio-8080-exec-1 org.springframework.web.servlet.DispatcherServlet Completed initialization in 1 ms 
2023-10-20 13:56:51 INFO  main com.lgl.qidian.QidianApplication Starting QidianApplication using Java 11.0.18 on lgl with PID 15908 (D:\ideaWork\qidian\target\classes started by ASUS in D:\ideaWork\qidian) 
2023-10-20 13:56:51 INFO  main com.lgl.qidian.QidianApplication No active profile set, falling back to 1 default profile: "default" 
2023-10-20 13:56:51 INFO  background-preinit org.hibernate.validator.internal.util.Version HV000001: Hibernate Validator 6.2.5.Final 
2023-10-20 13:56:52 INFO  main o.s.d.r.config.RepositoryConfigurationDelegate Multiple Spring Data modules found, entering strict repository configuration mode 
2023-10-20 13:56:52 INFO  main o.s.d.r.config.RepositoryConfigurationDelegate Bootstrapping Spring Data Redis repositories in DEFAULT mode. 
2023-10-20 13:56:52 INFO  main o.s.d.r.config.RepositoryConfigurationDelegate Finished Spring Data repository scanning in 10 ms. Found 0 Redis repository interfaces. 
2023-10-20 13:56:53 INFO  main o.s.boot.web.embedded.tomcat.TomcatWebServer Tomcat initialized with port(s): 8080 (http) 
2023-10-20 13:56:53 INFO  main org.apache.catalina.core.AprLifecycleListener Loaded Apache Tomcat Native library [1.2.36] using APR version [1.7.2]. 
2023-10-20 13:56:53 INFO  main org.apache.catalina.core.AprLifecycleListener APR capabilities: IPv6 [true], sendfile [true], accept filters [false], random [true], UDS [true]. 
2023-10-20 13:56:53 INFO  main org.apache.catalina.core.AprLifecycleListener APR/OpenSSL configuration: useAprConnector [false], useOpenSSL [true] 
2023-10-20 13:56:53 INFO  main org.apache.catalina.core.AprLifecycleListener OpenSSL successfully initialized [OpenSSL 1.1.1t  7 Feb 2023] 
2023-10-20 13:56:53 INFO  main org.apache.coyote.http11.Http11NioProtocol Initializing ProtocolHandler ["http-nio-8080"] 
2023-10-20 13:56:53 INFO  main org.apache.catalina.core.StandardService Starting service [Tomcat] 
2023-10-20 13:56:53 INFO  main org.apache.catalina.core.StandardEngine Starting Servlet engine: [Apache Tomcat/9.0.76] 
2023-10-20 13:56:53 INFO  main o.a.c.core.ContainerBase.[Tomcat].[localhost].[/] Initializing Spring embedded WebApplicationContext 
2023-10-20 13:56:53 INFO  main o.s.b.w.s.c.ServletWebServerApplicationContext Root WebApplicationContext: initialization completed in 1229 ms 
2023-10-20 13:56:54 INFO  main o.s.security.web.DefaultSecurityFilterChain Will secure any request with [org.springframework.security.web.session.DisableEncodeUrlFilter@24258b54, org.springframework.security.web.context.request.async.WebAsyncManagerIntegrationFilter@493968a9, org.springframework.security.web.context.SecurityContextPersistenceFilter@6071631f, com.lgl.qidian.filter.security.TokenFilter@23564dd2, org.springframework.security.web.header.HeaderWriterFilter@57afe44b, org.springframework.security.web.authentication.logout.LogoutFilter@3580134d, org.springframework.security.web.savedrequest.RequestCacheAwareFilter@6706da3d, org.springframework.security.web.servletapi.SecurityContextHolderAwareRequestFilter@776e7dfb, org.springframework.security.web.authentication.AnonymousAuthenticationFilter@32428874, org.springframework.security.web.session.SessionManagementFilter@75d7297d, org.springframework.security.web.access.ExceptionTranslationFilter@45f8415b, org.springframework.security.web.access.intercept.FilterSecurityInterceptor@1859e55c] 
2023-10-20 13:56:54 INFO  main org.apache.coyote.http11.Http11NioProtocol Starting ProtocolHandler ["http-nio-8080"] 
2023-10-20 13:56:54 INFO  main o.s.boot.web.embedded.tomcat.TomcatWebServer Tomcat started on port(s): 8080 (http) with context path '' 
2023-10-20 13:56:54 INFO  main com.lgl.qidian.QidianApplication Started QidianApplication in 3.427 seconds (JVM running for 4.878) 
2023-10-20 13:57:40 INFO  http-nio-8080-exec-1 o.a.c.core.ContainerBase.[Tomcat].[localhost].[/] Initializing Spring DispatcherServlet 'dispatcherServlet' 
2023-10-20 13:57:40 INFO  http-nio-8080-exec-1 org.springframework.web.servlet.DispatcherServlet Initializing Servlet 'dispatcherServlet' 
2023-10-20 13:57:40 INFO  http-nio-8080-exec-1 org.springframework.web.servlet.DispatcherServlet Completed initialization in 2 ms 
2023-10-20 14:01:02 INFO  main com.lgl.qidian.QidianApplication Starting QidianApplication using Java 11.0.18 on lgl with PID 13716 (D:\ideaWork\qidian\target\classes started by ASUS in D:\ideaWork\qidian) 
2023-10-20 14:01:02 INFO  main com.lgl.qidian.QidianApplication No active profile set, falling back to 1 default profile: "default" 
2023-10-20 14:01:02 INFO  background-preinit org.hibernate.validator.internal.util.Version HV000001: Hibernate Validator 6.2.5.Final 
2023-10-20 14:01:03 INFO  main o.s.d.r.config.RepositoryConfigurationDelegate Multiple Spring Data modules found, entering strict repository configuration mode 
2023-10-20 14:01:03 INFO  main o.s.d.r.config.RepositoryConfigurationDelegate Bootstrapping Spring Data Redis repositories in DEFAULT mode. 
2023-10-20 14:01:03 INFO  main o.s.d.r.config.RepositoryConfigurationDelegate Finished Spring Data repository scanning in 12 ms. Found 0 Redis repository interfaces. 
2023-10-20 14:01:04 INFO  main o.s.boot.web.embedded.tomcat.TomcatWebServer Tomcat initialized with port(s): 8080 (http) 
2023-10-20 14:01:04 INFO  main org.apache.catalina.core.AprLifecycleListener Loaded Apache Tomcat Native library [1.2.36] using APR version [1.7.2]. 
2023-10-20 14:01:04 INFO  main org.apache.catalina.core.AprLifecycleListener APR capabilities: IPv6 [true], sendfile [true], accept filters [false], random [true], UDS [true]. 
2023-10-20 14:01:04 INFO  main org.apache.catalina.core.AprLifecycleListener APR/OpenSSL configuration: useAprConnector [false], useOpenSSL [true] 
2023-10-20 14:01:04 INFO  main org.apache.catalina.core.AprLifecycleListener OpenSSL successfully initialized [OpenSSL 1.1.1t  7 Feb 2023] 
2023-10-20 14:01:04 INFO  main org.apache.coyote.http11.Http11NioProtocol Initializing ProtocolHandler ["http-nio-8080"] 
2023-10-20 14:01:04 INFO  main org.apache.catalina.core.StandardService Starting service [Tomcat] 
2023-10-20 14:01:04 INFO  main org.apache.catalina.core.StandardEngine Starting Servlet engine: [Apache Tomcat/9.0.76] 
2023-10-20 14:01:04 INFO  main o.a.c.core.ContainerBase.[Tomcat].[localhost].[/] Initializing Spring embedded WebApplicationContext 
2023-10-20 14:01:04 INFO  main o.s.b.w.s.c.ServletWebServerApplicationContext Root WebApplicationContext: initialization completed in 1356 ms 
2023-10-20 14:01:05 INFO  main o.s.security.web.DefaultSecurityFilterChain Will secure any request with [org.springframework.security.web.session.DisableEncodeUrlFilter@3412a3fd, org.springframework.security.web.context.request.async.WebAsyncManagerIntegrationFilter@36ecf9f6, org.springframework.security.web.context.SecurityContextPersistenceFilter@7438c3d5, com.lgl.qidian.filter.security.TokenFilter@2dd0a0d0, org.springframework.security.web.header.HeaderWriterFilter@4dad2363, org.springframework.security.web.authentication.logout.LogoutFilter@5ac0bf84, org.springframework.security.web.savedrequest.RequestCacheAwareFilter@3aab42d6, org.springframework.security.web.servletapi.SecurityContextHolderAwareRequestFilter@69d021c1, org.springframework.security.web.authentication.AnonymousAuthenticationFilter@104bc677, org.springframework.security.web.session.SessionManagementFilter@6071631f, org.springframework.security.web.access.ExceptionTranslationFilter@4cacccbf, org.springframework.security.web.access.intercept.FilterSecurityInterceptor@5a06eeef] 
2023-10-20 14:01:05 INFO  main org.apache.coyote.http11.Http11NioProtocol Starting ProtocolHandler ["http-nio-8080"] 
2023-10-20 14:01:05 INFO  main o.s.boot.web.embedded.tomcat.TomcatWebServer Tomcat started on port(s): 8080 (http) with context path '' 
2023-10-20 14:01:05 INFO  main com.lgl.qidian.QidianApplication Started QidianApplication in 3.251 seconds (JVM running for 4.712) 
2023-10-20 14:01:39 INFO  http-nio-8080-exec-1 o.a.c.core.ContainerBase.[Tomcat].[localhost].[/] Initializing Spring DispatcherServlet 'dispatcherServlet' 
2023-10-20 14:01:39 INFO  http-nio-8080-exec-1 org.springframework.web.servlet.DispatcherServlet Initializing Servlet 'dispatcherServlet' 
2023-10-20 14:01:39 INFO  http-nio-8080-exec-1 org.springframework.web.servlet.DispatcherServlet Completed initialization in 1 ms 
