2023-10-23 00:01:17 INFO  main com.lgl.qidian.QidianApplication Starting QidianApplication using Java 11.0.18 on lgl with PID 13024 (D:\ideaWork\qidian\target\classes started by ASUS in D:\ideaWork\qidian) 
2023-10-23 00:01:17 INFO  main com.lgl.qidian.QidianApplication No active profile set, falling back to 1 default profile: "default" 
2023-10-23 00:01:17 INFO  background-preinit org.hibernate.validator.internal.util.Version HV000001: Hibernate Validator 6.2.5.Final 
2023-10-23 00:01:18 INFO  main o.s.d.r.config.RepositoryConfigurationDelegate Multiple Spring Data modules found, entering strict repository configuration mode 
2023-10-23 00:01:18 INFO  main o.s.d.r.config.RepositoryConfigurationDelegate Bootstrapping Spring Data Redis repositories in DEFAULT mode. 
2023-10-23 00:01:18 INFO  main o.s.d.r.config.RepositoryConfigurationDelegate Finished Spring Data repository scanning in 15 ms. Found 0 Redis repository interfaces. 
2023-10-23 00:01:19 INFO  main o.s.boot.web.embedded.tomcat.TomcatWebServer Tomcat initialized with port(s): 8080 (http) 
2023-10-23 00:01:19 INFO  main org.apache.catalina.core.AprLifecycleListener Loaded Apache Tomcat Native library [1.2.36] using APR version [1.7.2]. 
2023-10-23 00:01:19 INFO  main org.apache.catalina.core.AprLifecycleListener APR capabilities: IPv6 [true], sendfile [true], accept filters [false], random [true], UDS [true]. 
2023-10-23 00:01:19 INFO  main org.apache.catalina.core.AprLifecycleListener APR/OpenSSL configuration: useAprConnector [false], useOpenSSL [true] 
2023-10-23 00:01:19 INFO  main org.apache.catalina.core.AprLifecycleListener OpenSSL successfully initialized [OpenSSL 1.1.1t  7 Feb 2023] 
2023-10-23 00:01:19 INFO  main org.apache.coyote.http11.Http11NioProtocol Initializing ProtocolHandler ["http-nio-8080"] 
2023-10-23 00:01:19 INFO  main org.apache.catalina.core.StandardService Starting service [Tomcat] 
2023-10-23 00:01:19 INFO  main org.apache.catalina.core.StandardEngine Starting Servlet engine: [Apache Tomcat/9.0.76] 
2023-10-23 00:01:19 INFO  main o.a.c.core.ContainerBase.[Tomcat].[localhost].[/] Initializing Spring embedded WebApplicationContext 
2023-10-23 00:01:19 INFO  main o.s.b.w.s.c.ServletWebServerApplicationContext Root WebApplicationContext: initialization completed in 1312 ms 
2023-10-23 00:01:20 INFO  main o.s.security.web.DefaultSecurityFilterChain Will secure any request with [org.springframework.security.web.session.DisableEncodeUrlFilter@1c787389, org.springframework.security.web.context.request.async.WebAsyncManagerIntegrationFilter@67b3960b, org.springframework.security.web.context.SecurityContextPersistenceFilter@505a8582, com.lgl.qidian.filter.security.TokenFilter@29170a47, org.springframework.security.web.header.HeaderWriterFilter@764db16c, org.springframework.security.web.authentication.logout.LogoutFilter@17332039, org.springframework.security.web.savedrequest.RequestCacheAwareFilter@18887028, org.springframework.security.web.servletapi.SecurityContextHolderAwareRequestFilter@301d84f6, org.springframework.security.web.authentication.AnonymousAuthenticationFilter@415262a0, org.springframework.security.web.session.SessionManagementFilter@45f8415b, org.springframework.security.web.access.ExceptionTranslationFilter@514dc5f4, org.springframework.security.web.access.intercept.FilterSecurityInterceptor@4d0b7fd5] 
2023-10-23 00:01:20 INFO  main org.apache.coyote.http11.Http11NioProtocol Starting ProtocolHandler ["http-nio-8080"] 
2023-10-23 00:01:20 INFO  main o.s.boot.web.embedded.tomcat.TomcatWebServer Tomcat started on port(s): 8080 (http) with context path '' 
2023-10-23 00:01:20 INFO  main com.lgl.qidian.QidianApplication Started QidianApplication in 3.363 seconds (JVM running for 4.837) 
2023-10-23 00:01:24 INFO  http-nio-8080-exec-2 o.a.c.core.ContainerBase.[Tomcat].[localhost].[/] Initializing Spring DispatcherServlet 'dispatcherServlet' 
2023-10-23 00:01:24 INFO  http-nio-8080-exec-2 org.springframework.web.servlet.DispatcherServlet Initializing Servlet 'dispatcherServlet' 
2023-10-23 00:01:24 INFO  http-nio-8080-exec-2 org.springframework.web.servlet.DispatcherServlet Completed initialization in 1 ms 
2023-10-23 00:02:01 INFO  main com.lgl.qidian.QidianApplication Starting QidianApplication using Java 11.0.18 on lgl with PID 3040 (D:\ideaWork\qidian\target\classes started by ASUS in D:\ideaWork\qidian) 
2023-10-23 00:02:01 INFO  main com.lgl.qidian.QidianApplication No active profile set, falling back to 1 default profile: "default" 
2023-10-23 00:02:01 INFO  background-preinit org.hibernate.validator.internal.util.Version HV000001: Hibernate Validator 6.2.5.Final 
2023-10-23 00:02:01 INFO  main o.s.d.r.config.RepositoryConfigurationDelegate Multiple Spring Data modules found, entering strict repository configuration mode 
2023-10-23 00:02:01 INFO  main o.s.d.r.config.RepositoryConfigurationDelegate Bootstrapping Spring Data Redis repositories in DEFAULT mode. 
2023-10-23 00:02:01 INFO  main o.s.d.r.config.RepositoryConfigurationDelegate Finished Spring Data repository scanning in 9 ms. Found 0 Redis repository interfaces. 
2023-10-23 00:02:02 INFO  main o.s.boot.web.embedded.tomcat.TomcatWebServer Tomcat initialized with port(s): 8080 (http) 
2023-10-23 00:02:02 INFO  main org.apache.catalina.core.AprLifecycleListener Loaded Apache Tomcat Native library [1.2.36] using APR version [1.7.2]. 
2023-10-23 00:02:02 INFO  main org.apache.catalina.core.AprLifecycleListener APR capabilities: IPv6 [true], sendfile [true], accept filters [false], random [true], UDS [true]. 
2023-10-23 00:02:02 INFO  main org.apache.catalina.core.AprLifecycleListener APR/OpenSSL configuration: useAprConnector [false], useOpenSSL [true] 
2023-10-23 00:02:02 INFO  main org.apache.catalina.core.AprLifecycleListener OpenSSL successfully initialized [OpenSSL 1.1.1t  7 Feb 2023] 
2023-10-23 00:02:02 INFO  main org.apache.coyote.http11.Http11NioProtocol Initializing ProtocolHandler ["http-nio-8080"] 
2023-10-23 00:02:02 INFO  main org.apache.catalina.core.StandardService Starting service [Tomcat] 
2023-10-23 00:02:02 INFO  main org.apache.catalina.core.StandardEngine Starting Servlet engine: [Apache Tomcat/9.0.76] 
2023-10-23 00:02:02 INFO  main o.a.c.core.ContainerBase.[Tomcat].[localhost].[/] Initializing Spring embedded WebApplicationContext 
2023-10-23 00:02:02 INFO  main o.s.b.w.s.c.ServletWebServerApplicationContext Root WebApplicationContext: initialization completed in 1250 ms 
2023-10-23 00:02:03 INFO  main o.s.security.web.DefaultSecurityFilterChain Will secure any request with [org.springframework.security.web.session.DisableEncodeUrlFilter@2211e731, org.springframework.security.web.context.request.async.WebAsyncManagerIntegrationFilter@73e399cc, org.springframework.security.web.context.SecurityContextPersistenceFilter@3aab42d6, com.lgl.qidian.filter.security.TokenFilter@935d3f9, org.springframework.security.web.header.HeaderWriterFilter@57920d6c, org.springframework.security.web.authentication.logout.LogoutFilter@6159fb3c, org.springframework.security.web.savedrequest.RequestCacheAwareFilter@5939f047, org.springframework.security.web.servletapi.SecurityContextHolderAwareRequestFilter@103bcc9f, org.springframework.security.web.authentication.AnonymousAuthenticationFilter@3dd591b9, org.springframework.security.web.session.SessionManagementFilter@6706da3d, org.springframework.security.web.access.ExceptionTranslationFilter@6f80cf5, org.springframework.security.web.access.intercept.FilterSecurityInterceptor@493968a9] 
2023-10-23 00:02:03 INFO  main org.apache.coyote.http11.Http11NioProtocol Starting ProtocolHandler ["http-nio-8080"] 
2023-10-23 00:02:03 INFO  main o.s.boot.web.embedded.tomcat.TomcatWebServer Tomcat started on port(s): 8080 (http) with context path '' 
2023-10-23 00:02:03 INFO  main com.lgl.qidian.QidianApplication Started QidianApplication in 3.376 seconds (JVM running for 4.701) 
2023-10-23 00:02:11 INFO  background-preinit org.hibernate.validator.internal.util.Version HV000001: Hibernate Validator 6.2.5.Final 
2023-10-23 00:02:11 INFO  main com.lgl.qidian.QidianApplication Starting QidianApplication using Java 11.0.18 on lgl with PID 5464 (D:\ideaWork\qidian\target\classes started by ASUS in D:\ideaWork\qidian) 
2023-10-23 00:02:11 INFO  main com.lgl.qidian.QidianApplication No active profile set, falling back to 1 default profile: "default" 
2023-10-23 00:02:12 INFO  main o.s.d.r.config.RepositoryConfigurationDelegate Multiple Spring Data modules found, entering strict repository configuration mode 
2023-10-23 00:02:12 INFO  main o.s.d.r.config.RepositoryConfigurationDelegate Bootstrapping Spring Data Redis repositories in DEFAULT mode. 
2023-10-23 00:02:12 INFO  main o.s.d.r.config.RepositoryConfigurationDelegate Finished Spring Data repository scanning in 10 ms. Found 0 Redis repository interfaces. 
2023-10-23 00:02:13 INFO  main o.s.boot.web.embedded.tomcat.TomcatWebServer Tomcat initialized with port(s): 8080 (http) 
2023-10-23 00:02:13 INFO  main org.apache.catalina.core.AprLifecycleListener Loaded Apache Tomcat Native library [1.2.36] using APR version [1.7.2]. 
2023-10-23 00:02:13 INFO  main org.apache.catalina.core.AprLifecycleListener APR capabilities: IPv6 [true], sendfile [true], accept filters [false], random [true], UDS [true]. 
2023-10-23 00:02:13 INFO  main org.apache.catalina.core.AprLifecycleListener APR/OpenSSL configuration: useAprConnector [false], useOpenSSL [true] 
2023-10-23 00:02:13 INFO  main org.apache.catalina.core.AprLifecycleListener OpenSSL successfully initialized [OpenSSL 1.1.1t  7 Feb 2023] 
2023-10-23 00:02:13 INFO  main org.apache.coyote.http11.Http11NioProtocol Initializing ProtocolHandler ["http-nio-8080"] 
2023-10-23 00:02:13 INFO  main org.apache.catalina.core.StandardService Starting service [Tomcat] 
2023-10-23 00:02:13 INFO  main org.apache.catalina.core.StandardEngine Starting Servlet engine: [Apache Tomcat/9.0.76] 
2023-10-23 00:02:13 INFO  main o.a.c.core.ContainerBase.[Tomcat].[localhost].[/] Initializing Spring embedded WebApplicationContext 
2023-10-23 00:02:13 INFO  main o.s.b.w.s.c.ServletWebServerApplicationContext Root WebApplicationContext: initialization completed in 1251 ms 
2023-10-23 00:02:14 INFO  main o.s.security.web.DefaultSecurityFilterChain Will secure any request with [org.springframework.security.web.session.DisableEncodeUrlFilter@3c65f00e, org.springframework.security.web.context.request.async.WebAsyncManagerIntegrationFilter@3412a3fd, org.springframework.security.web.context.SecurityContextPersistenceFilter@301d84f6, com.lgl.qidian.filter.security.TokenFilter@424f02b8, org.springframework.security.web.header.HeaderWriterFilter@77a85e76, org.springframework.security.web.authentication.logout.LogoutFilter@3580134d, org.springframework.security.web.savedrequest.RequestCacheAwareFilter@433b1597, org.springframework.security.web.servletapi.SecurityContextHolderAwareRequestFilter@6071631f, org.springframework.security.web.authentication.AnonymousAuthenticationFilter@36ecf9f6, org.springframework.security.web.session.SessionManagementFilter@5ffd35dd, org.springframework.security.web.access.ExceptionTranslationFilter@543d2ef3, org.springframework.security.web.access.intercept.FilterSecurityInterceptor@d229912] 
2023-10-23 00:02:14 INFO  main org.apache.coyote.http11.Http11NioProtocol Starting ProtocolHandler ["http-nio-8080"] 
2023-10-23 00:02:14 INFO  main o.s.boot.web.embedded.tomcat.TomcatWebServer Tomcat started on port(s): 8080 (http) with context path '' 
2023-10-23 00:02:14 INFO  main com.lgl.qidian.QidianApplication Started QidianApplication in 3.151 seconds (JVM running for 4.542) 
2023-10-23 00:02:21 INFO  http-nio-8080-exec-1 o.a.c.core.ContainerBase.[Tomcat].[localhost].[/] Initializing Spring DispatcherServlet 'dispatcherServlet' 
2023-10-23 00:02:21 INFO  http-nio-8080-exec-1 org.springframework.web.servlet.DispatcherServlet Initializing Servlet 'dispatcherServlet' 
2023-10-23 00:02:21 INFO  http-nio-8080-exec-1 org.springframework.web.servlet.DispatcherServlet Completed initialization in 1 ms 
2023-10-23 00:30:26 INFO  main com.lgl.qidian.QidianApplication Starting QidianApplication using Java 11.0.18 on lgl with PID 13672 (D:\ideaWork\qidian\target\classes started by ASUS in D:\ideaWork\qidian) 
2023-10-23 00:30:26 INFO  main com.lgl.qidian.QidianApplication No active profile set, falling back to 1 default profile: "default" 
2023-10-23 00:30:26 INFO  background-preinit org.hibernate.validator.internal.util.Version HV000001: Hibernate Validator 6.2.5.Final 
2023-10-23 00:30:27 INFO  main o.s.d.r.config.RepositoryConfigurationDelegate Multiple Spring Data modules found, entering strict repository configuration mode 
2023-10-23 00:30:27 INFO  main o.s.d.r.config.RepositoryConfigurationDelegate Bootstrapping Spring Data Redis repositories in DEFAULT mode. 
2023-10-23 00:30:27 INFO  main o.s.d.r.config.RepositoryConfigurationDelegate Finished Spring Data repository scanning in 12 ms. Found 0 Redis repository interfaces. 
2023-10-23 00:30:27 INFO  main o.s.boot.web.embedded.tomcat.TomcatWebServer Tomcat initialized with port(s): 8080 (http) 
2023-10-23 00:30:27 INFO  main org.apache.catalina.core.AprLifecycleListener Loaded Apache Tomcat Native library [1.2.36] using APR version [1.7.2]. 
2023-10-23 00:30:27 INFO  main org.apache.catalina.core.AprLifecycleListener APR capabilities: IPv6 [true], sendfile [true], accept filters [false], random [true], UDS [true]. 
2023-10-23 00:30:27 INFO  main org.apache.catalina.core.AprLifecycleListener APR/OpenSSL configuration: useAprConnector [false], useOpenSSL [true] 
2023-10-23 00:30:27 INFO  main org.apache.catalina.core.AprLifecycleListener OpenSSL successfully initialized [OpenSSL 1.1.1t  7 Feb 2023] 
2023-10-23 00:30:27 INFO  main org.apache.coyote.http11.Http11NioProtocol Initializing ProtocolHandler ["http-nio-8080"] 
2023-10-23 00:30:27 INFO  main org.apache.catalina.core.StandardService Starting service [Tomcat] 
2023-10-23 00:30:27 INFO  main org.apache.catalina.core.StandardEngine Starting Servlet engine: [Apache Tomcat/9.0.76] 
2023-10-23 00:30:27 INFO  main o.a.c.core.ContainerBase.[Tomcat].[localhost].[/] Initializing Spring embedded WebApplicationContext 
2023-10-23 00:30:27 INFO  main o.s.b.w.s.c.ServletWebServerApplicationContext Root WebApplicationContext: initialization completed in 1314 ms 
2023-10-23 00:30:28 INFO  main o.s.security.web.DefaultSecurityFilterChain Will secure any request with [org.springframework.security.web.session.DisableEncodeUrlFilter@5d8fd077, org.springframework.security.web.context.request.async.WebAsyncManagerIntegrationFilter@4544ab46, org.springframework.security.web.context.SecurityContextPersistenceFilter@614cbec4, com.lgl.qidian.filter.security.TokenFilter@54895681, org.springframework.security.web.header.HeaderWriterFilter@45832b85, org.springframework.security.web.authentication.logout.LogoutFilter@45f8415b, org.springframework.security.web.savedrequest.RequestCacheAwareFilter@2759749, org.springframework.security.web.servletapi.SecurityContextHolderAwareRequestFilter@3856d0cb, org.springframework.security.web.authentication.AnonymousAuthenticationFilter@2052f095, org.springframework.security.web.session.SessionManagementFilter@bea5941, org.springframework.security.web.access.ExceptionTranslationFilter@3a3bc0da, org.springframework.security.web.access.intercept.FilterSecurityInterceptor@6968bb65] 
2023-10-23 00:30:29 INFO  main org.apache.coyote.http11.Http11NioProtocol Starting ProtocolHandler ["http-nio-8080"] 
2023-10-23 00:30:29 INFO  main o.s.boot.web.embedded.tomcat.TomcatWebServer Tomcat started on port(s): 8080 (http) with context path '' 
2023-10-23 00:30:29 INFO  main com.lgl.qidian.QidianApplication Started QidianApplication in 3.545 seconds (JVM running for 4.987) 
2023-10-23 00:30:31 INFO  http-nio-8080-exec-1 o.a.c.core.ContainerBase.[Tomcat].[localhost].[/] Initializing Spring DispatcherServlet 'dispatcherServlet' 
2023-10-23 00:30:31 INFO  http-nio-8080-exec-1 org.springframework.web.servlet.DispatcherServlet Initializing Servlet 'dispatcherServlet' 
2023-10-23 00:30:31 INFO  http-nio-8080-exec-1 org.springframework.web.servlet.DispatcherServlet Completed initialization in 1 ms 
2023-10-23 00:31:24 INFO  main com.lgl.qidian.QidianApplication Starting QidianApplication using Java 11.0.18 on lgl with PID 10644 (D:\ideaWork\qidian\target\classes started by ASUS in D:\ideaWork\qidian) 
2023-10-23 00:31:24 INFO  main com.lgl.qidian.QidianApplication No active profile set, falling back to 1 default profile: "default" 
2023-10-23 00:31:24 INFO  background-preinit org.hibernate.validator.internal.util.Version HV000001: Hibernate Validator 6.2.5.Final 
2023-10-23 00:31:25 INFO  main o.s.d.r.config.RepositoryConfigurationDelegate Multiple Spring Data modules found, entering strict repository configuration mode 
2023-10-23 00:31:25 INFO  main o.s.d.r.config.RepositoryConfigurationDelegate Bootstrapping Spring Data Redis repositories in DEFAULT mode. 
2023-10-23 00:31:25 INFO  main o.s.d.r.config.RepositoryConfigurationDelegate Finished Spring Data repository scanning in 9 ms. Found 0 Redis repository interfaces. 
2023-10-23 00:31:25 INFO  main o.s.boot.web.embedded.tomcat.TomcatWebServer Tomcat initialized with port(s): 8080 (http) 
2023-10-23 00:31:25 INFO  main org.apache.catalina.core.AprLifecycleListener Loaded Apache Tomcat Native library [1.2.36] using APR version [1.7.2]. 
2023-10-23 00:31:25 INFO  main org.apache.catalina.core.AprLifecycleListener APR capabilities: IPv6 [true], sendfile [true], accept filters [false], random [true], UDS [true]. 
2023-10-23 00:31:25 INFO  main org.apache.catalina.core.AprLifecycleListener APR/OpenSSL configuration: useAprConnector [false], useOpenSSL [true] 
2023-10-23 00:31:25 INFO  main org.apache.catalina.core.AprLifecycleListener OpenSSL successfully initialized [OpenSSL 1.1.1t  7 Feb 2023] 
2023-10-23 00:31:25 INFO  main org.apache.coyote.http11.Http11NioProtocol Initializing ProtocolHandler ["http-nio-8080"] 
2023-10-23 00:31:25 INFO  main org.apache.catalina.core.StandardService Starting service [Tomcat] 
2023-10-23 00:31:25 INFO  main org.apache.catalina.core.StandardEngine Starting Servlet engine: [Apache Tomcat/9.0.76] 
2023-10-23 00:31:25 INFO  main o.a.c.core.ContainerBase.[Tomcat].[localhost].[/] Initializing Spring embedded WebApplicationContext 
2023-10-23 00:31:25 INFO  main o.s.b.w.s.c.ServletWebServerApplicationContext Root WebApplicationContext: initialization completed in 1261 ms 
2023-10-23 00:31:26 INFO  main o.s.security.web.DefaultSecurityFilterChain Will secure any request with [org.springframework.security.web.session.DisableEncodeUrlFilter@4ce18cec, org.springframework.security.web.context.request.async.WebAsyncManagerIntegrationFilter@2a9f8d47, org.springframework.security.web.context.SecurityContextPersistenceFilter@6ab1f85b, com.lgl.qidian.filter.security.TokenFilter@29170a47, org.springframework.security.web.header.HeaderWriterFilter@71418a4a, org.springframework.security.web.authentication.logout.LogoutFilter@43090195, org.springframework.security.web.savedrequest.RequestCacheAwareFilter@5d8fd077, org.springframework.security.web.servletapi.SecurityContextHolderAwareRequestFilter@7b7e4b20, org.springframework.security.web.authentication.AnonymousAuthenticationFilter@51297528, org.springframework.security.web.session.SessionManagementFilter@2d2af12e, org.springframework.security.web.access.ExceptionTranslationFilter@4e20a985, org.springframework.security.web.access.intercept.FilterSecurityInterceptor@6528d339] 
2023-10-23 00:31:26 INFO  main org.apache.coyote.http11.Http11NioProtocol Starting ProtocolHandler ["http-nio-8080"] 
2023-10-23 00:31:26 INFO  main o.s.boot.web.embedded.tomcat.TomcatWebServer Tomcat started on port(s): 8080 (http) with context path '' 
2023-10-23 00:31:26 INFO  main com.lgl.qidian.QidianApplication Started QidianApplication in 3.17 seconds (JVM running for 4.673) 
2023-10-23 00:31:51 INFO  main com.lgl.qidian.QidianApplication Starting QidianApplication using Java 11.0.18 on lgl with PID 13452 (D:\ideaWork\qidian\target\classes started by ASUS in D:\ideaWork\qidian) 
2023-10-23 00:31:51 INFO  main com.lgl.qidian.QidianApplication No active profile set, falling back to 1 default profile: "default" 
2023-10-23 00:31:51 INFO  background-preinit org.hibernate.validator.internal.util.Version HV000001: Hibernate Validator 6.2.5.Final 
2023-10-23 00:31:52 INFO  main o.s.d.r.config.RepositoryConfigurationDelegate Multiple Spring Data modules found, entering strict repository configuration mode 
2023-10-23 00:31:52 INFO  main o.s.d.r.config.RepositoryConfigurationDelegate Bootstrapping Spring Data Redis repositories in DEFAULT mode. 
2023-10-23 00:31:52 INFO  main o.s.d.r.config.RepositoryConfigurationDelegate Finished Spring Data repository scanning in 9 ms. Found 0 Redis repository interfaces. 
2023-10-23 00:31:52 INFO  main o.s.boot.web.embedded.tomcat.TomcatWebServer Tomcat initialized with port(s): 8080 (http) 
2023-10-23 00:31:52 INFO  main org.apache.catalina.core.AprLifecycleListener Loaded Apache Tomcat Native library [1.2.36] using APR version [1.7.2]. 
2023-10-23 00:31:52 INFO  main org.apache.catalina.core.AprLifecycleListener APR capabilities: IPv6 [true], sendfile [true], accept filters [false], random [true], UDS [true]. 
2023-10-23 00:31:52 INFO  main org.apache.catalina.core.AprLifecycleListener APR/OpenSSL configuration: useAprConnector [false], useOpenSSL [true] 
2023-10-23 00:31:52 INFO  main org.apache.catalina.core.AprLifecycleListener OpenSSL successfully initialized [OpenSSL 1.1.1t  7 Feb 2023] 
2023-10-23 00:31:52 INFO  main org.apache.coyote.http11.Http11NioProtocol Initializing ProtocolHandler ["http-nio-8080"] 
2023-10-23 00:31:52 INFO  main org.apache.catalina.core.StandardService Starting service [Tomcat] 
2023-10-23 00:31:52 INFO  main org.apache.catalina.core.StandardEngine Starting Servlet engine: [Apache Tomcat/9.0.76] 
2023-10-23 00:31:52 INFO  main o.a.c.core.ContainerBase.[Tomcat].[localhost].[/] Initializing Spring embedded WebApplicationContext 
2023-10-23 00:31:52 INFO  main o.s.b.w.s.c.ServletWebServerApplicationContext Root WebApplicationContext: initialization completed in 1172 ms 
2023-10-23 00:31:53 INFO  main o.s.security.web.DefaultSecurityFilterChain Will secure any request with [org.springframework.security.web.session.DisableEncodeUrlFilter@6528d339, org.springframework.security.web.context.request.async.WebAsyncManagerIntegrationFilter@2dd2ff87, org.springframework.security.web.context.SecurityContextPersistenceFilter@731ab49b, com.lgl.qidian.filter.security.TokenFilter@29170a47, org.springframework.security.web.header.HeaderWriterFilter@2ca132ad, org.springframework.security.web.authentication.logout.LogoutFilter@36330be8, org.springframework.security.web.savedrequest.RequestCacheAwareFilter@2cdcfaa6, org.springframework.security.web.servletapi.SecurityContextHolderAwareRequestFilter@6ab1f85b, org.springframework.security.web.authentication.AnonymousAuthenticationFilter@6a38e3d1, org.springframework.security.web.session.SessionManagementFilter@106802ea, org.springframework.security.web.access.ExceptionTranslationFilter@75d7297d, org.springframework.security.web.access.intercept.FilterSecurityInterceptor@780c0] 
2023-10-23 00:31:53 INFO  main org.apache.coyote.http11.Http11NioProtocol Starting ProtocolHandler ["http-nio-8080"] 
2023-10-23 00:31:53 INFO  main o.s.boot.web.embedded.tomcat.TomcatWebServer Tomcat started on port(s): 8080 (http) with context path '' 
2023-10-23 00:31:53 INFO  main com.lgl.qidian.QidianApplication Started QidianApplication in 2.911 seconds (JVM running for 4.22) 
2023-10-23 00:31:55 INFO  http-nio-8080-exec-1 o.a.c.core.ContainerBase.[Tomcat].[localhost].[/] Initializing Spring DispatcherServlet 'dispatcherServlet' 
2023-10-23 00:31:55 INFO  http-nio-8080-exec-1 org.springframework.web.servlet.DispatcherServlet Initializing Servlet 'dispatcherServlet' 
2023-10-23 00:31:55 INFO  http-nio-8080-exec-1 org.springframework.web.servlet.DispatcherServlet Completed initialization in 0 ms 
2023-10-23 14:56:00 INFO  background-preinit org.hibernate.validator.internal.util.Version HV000001: Hibernate Validator 6.2.5.Final 
2023-10-23 14:56:00 INFO  main com.lgl.qidian.QidianApplication Starting QidianApplication using Java 11.0.18 on lgl with PID 2156 (D:\ideaWork\qidian\target\classes started by ASUS in D:\ideaWork\qidian) 
2023-10-23 14:56:00 INFO  main com.lgl.qidian.QidianApplication No active profile set, falling back to 1 default profile: "default" 
2023-10-23 14:56:01 INFO  main o.s.d.r.config.RepositoryConfigurationDelegate Multiple Spring Data modules found, entering strict repository configuration mode 
2023-10-23 14:56:01 INFO  main o.s.d.r.config.RepositoryConfigurationDelegate Bootstrapping Spring Data Redis repositories in DEFAULT mode. 
2023-10-23 14:56:01 INFO  main o.s.d.r.config.RepositoryConfigurationDelegate Finished Spring Data repository scanning in 14 ms. Found 0 Redis repository interfaces. 
2023-10-23 14:56:02 INFO  main o.s.boot.web.embedded.tomcat.TomcatWebServer Tomcat initialized with port(s): 8080 (http) 
2023-10-23 14:56:02 INFO  main org.apache.catalina.core.AprLifecycleListener Loaded Apache Tomcat Native library [1.2.36] using APR version [1.7.2]. 
2023-10-23 14:56:02 INFO  main org.apache.catalina.core.AprLifecycleListener APR capabilities: IPv6 [true], sendfile [true], accept filters [false], random [true], UDS [true]. 
2023-10-23 14:56:02 INFO  main org.apache.catalina.core.AprLifecycleListener APR/OpenSSL configuration: useAprConnector [false], useOpenSSL [true] 
2023-10-23 14:56:02 INFO  main org.apache.catalina.core.AprLifecycleListener OpenSSL successfully initialized [OpenSSL 1.1.1t  7 Feb 2023] 
2023-10-23 14:56:02 INFO  main org.apache.coyote.http11.Http11NioProtocol Initializing ProtocolHandler ["http-nio-8080"] 
2023-10-23 14:56:02 INFO  main org.apache.catalina.core.StandardService Starting service [Tomcat] 
2023-10-23 14:56:02 INFO  main org.apache.catalina.core.StandardEngine Starting Servlet engine: [Apache Tomcat/9.0.76] 
2023-10-23 14:56:02 INFO  main o.a.c.core.ContainerBase.[Tomcat].[localhost].[/] Initializing Spring embedded WebApplicationContext 
2023-10-23 14:56:02 INFO  main o.s.b.w.s.c.ServletWebServerApplicationContext Root WebApplicationContext: initialization completed in 1873 ms 
2023-10-23 14:56:03 INFO  main o.s.security.web.DefaultSecurityFilterChain Will secure any request with [org.springframework.security.web.session.DisableEncodeUrlFilter@6aadb092, org.springframework.security.web.context.request.async.WebAsyncManagerIntegrationFilter@1f547af8, org.springframework.security.web.context.SecurityContextPersistenceFilter@7ef9c8a5, com.lgl.qidian.filter.security.TokenFilter@b01cb8d, org.springframework.security.web.header.HeaderWriterFilter@674e4c82, org.springframework.security.web.authentication.logout.LogoutFilter@4fe4503a, org.springframework.security.web.savedrequest.RequestCacheAwareFilter@25dad235, org.springframework.security.web.servletapi.SecurityContextHolderAwareRequestFilter@d677be9, org.springframework.security.web.authentication.AnonymousAuthenticationFilter@4caf875c, org.springframework.security.web.session.SessionManagementFilter@20fa5277, org.springframework.security.web.access.ExceptionTranslationFilter@19e8fe55, org.springframework.security.web.access.intercept.FilterSecurityInterceptor@5f5923ef] 
2023-10-23 14:56:03 INFO  main org.apache.coyote.http11.Http11NioProtocol Starting ProtocolHandler ["http-nio-8080"] 
2023-10-23 14:56:03 INFO  main org.apache.coyote.http11.Http11NioProtocol Pausing ProtocolHandler ["http-nio-8080"] 
2023-10-23 14:56:03 INFO  main org.apache.catalina.core.StandardService Stopping service [Tomcat] 
2023-10-23 14:56:03 INFO  main org.apache.coyote.http11.Http11NioProtocol Stopping ProtocolHandler ["http-nio-8080"] 
2023-10-23 14:56:03 INFO  main org.apache.coyote.http11.Http11NioProtocol Destroying ProtocolHandler ["http-nio-8080"] 
2023-10-23 14:56:03 INFO  main o.s.b.a.l.ConditionEvaluationReportLoggingListener 

Error starting ApplicationContext. To display the conditions report re-run your application with 'debug' enabled. 
2023-10-23 14:58:16 INFO  main com.lgl.qidian.QidianApplication Starting QidianApplication using Java 11.0.18 on lgl with PID 9944 (D:\ideaWork\qidian\target\classes started by ASUS in D:\ideaWork\qidian) 
2023-10-23 14:58:16 INFO  main com.lgl.qidian.QidianApplication No active profile set, falling back to 1 default profile: "default" 
2023-10-23 14:58:16 INFO  background-preinit org.hibernate.validator.internal.util.Version HV000001: Hibernate Validator 6.2.5.Final 
2023-10-23 14:58:17 INFO  main o.s.d.r.config.RepositoryConfigurationDelegate Multiple Spring Data modules found, entering strict repository configuration mode 
2023-10-23 14:58:17 INFO  main o.s.d.r.config.RepositoryConfigurationDelegate Bootstrapping Spring Data Redis repositories in DEFAULT mode. 
2023-10-23 14:58:17 INFO  main o.s.d.r.config.RepositoryConfigurationDelegate Finished Spring Data repository scanning in 9 ms. Found 0 Redis repository interfaces. 
2023-10-23 14:58:17 INFO  main o.s.boot.web.embedded.tomcat.TomcatWebServer Tomcat initialized with port(s): 8080 (http) 
2023-10-23 14:58:17 INFO  main org.apache.catalina.core.AprLifecycleListener Loaded Apache Tomcat Native library [1.2.36] using APR version [1.7.2]. 
2023-10-23 14:58:17 INFO  main org.apache.catalina.core.AprLifecycleListener APR capabilities: IPv6 [true], sendfile [true], accept filters [false], random [true], UDS [true]. 
2023-10-23 14:58:17 INFO  main org.apache.catalina.core.AprLifecycleListener APR/OpenSSL configuration: useAprConnector [false], useOpenSSL [true] 
2023-10-23 14:58:17 INFO  main org.apache.catalina.core.AprLifecycleListener OpenSSL successfully initialized [OpenSSL 1.1.1t  7 Feb 2023] 
2023-10-23 14:58:17 INFO  main org.apache.coyote.http11.Http11NioProtocol Initializing ProtocolHandler ["http-nio-8080"] 
2023-10-23 14:58:17 INFO  main org.apache.catalina.core.StandardService Starting service [Tomcat] 
2023-10-23 14:58:17 INFO  main org.apache.catalina.core.StandardEngine Starting Servlet engine: [Apache Tomcat/9.0.76] 
2023-10-23 14:58:17 INFO  main o.a.c.core.ContainerBase.[Tomcat].[localhost].[/] Initializing Spring embedded WebApplicationContext 
2023-10-23 14:58:17 INFO  main o.s.b.w.s.c.ServletWebServerApplicationContext Root WebApplicationContext: initialization completed in 1150 ms 
2023-10-23 14:58:18 INFO  main o.s.security.web.DefaultSecurityFilterChain Will secure any request with [org.springframework.security.web.session.DisableEncodeUrlFilter@11ce9319, org.springframework.security.web.context.request.async.WebAsyncManagerIntegrationFilter@780c0, org.springframework.security.web.context.SecurityContextPersistenceFilter@69d021c1, com.lgl.qidian.filter.security.TokenFilter@29170a47, org.springframework.security.web.header.HeaderWriterFilter@14d18029, org.springframework.security.web.authentication.logout.LogoutFilter@47c5cbf2, org.springframework.security.web.savedrequest.RequestCacheAwareFilter@103bcc9f, org.springframework.security.web.servletapi.SecurityContextHolderAwareRequestFilter@4ff0706c, org.springframework.security.web.authentication.AnonymousAuthenticationFilter@1b3bb287, org.springframework.security.web.session.SessionManagementFilter@776e7dfb, org.springframework.security.web.access.ExceptionTranslationFilter@2a6c751f, org.springframework.security.web.access.intercept.FilterSecurityInterceptor@104bc677] 
2023-10-23 14:58:18 INFO  main org.apache.coyote.http11.Http11NioProtocol Starting ProtocolHandler ["http-nio-8080"] 
2023-10-23 14:58:18 INFO  main o.s.boot.web.embedded.tomcat.TomcatWebServer Tomcat started on port(s): 8080 (http) with context path '' 
2023-10-23 14:58:18 INFO  main com.lgl.qidian.QidianApplication Started QidianApplication in 3.186 seconds (JVM running for 4.533) 
2023-10-23 14:58:28 INFO  background-preinit org.hibernate.validator.internal.util.Version HV000001: Hibernate Validator 6.2.5.Final 
2023-10-23 14:58:28 INFO  main com.lgl.qidian.QidianApplication Starting QidianApplication using Java 11.0.18 on lgl with PID 2960 (D:\ideaWork\qidian\target\classes started by ASUS in D:\ideaWork\qidian) 
2023-10-23 14:58:28 INFO  main com.lgl.qidian.QidianApplication No active profile set, falling back to 1 default profile: "default" 
2023-10-23 14:58:29 INFO  main o.s.d.r.config.RepositoryConfigurationDelegate Multiple Spring Data modules found, entering strict repository configuration mode 
2023-10-23 14:58:29 INFO  main o.s.d.r.config.RepositoryConfigurationDelegate Bootstrapping Spring Data Redis repositories in DEFAULT mode. 
2023-10-23 14:58:29 INFO  main o.s.d.r.config.RepositoryConfigurationDelegate Finished Spring Data repository scanning in 11 ms. Found 0 Redis repository interfaces. 
2023-10-23 14:58:29 INFO  main o.s.boot.web.embedded.tomcat.TomcatWebServer Tomcat initialized with port(s): 8080 (http) 
2023-10-23 14:58:29 INFO  main org.apache.catalina.core.AprLifecycleListener Loaded Apache Tomcat Native library [1.2.36] using APR version [1.7.2]. 
2023-10-23 14:58:29 INFO  main org.apache.catalina.core.AprLifecycleListener APR capabilities: IPv6 [true], sendfile [true], accept filters [false], random [true], UDS [true]. 
2023-10-23 14:58:29 INFO  main org.apache.catalina.core.AprLifecycleListener APR/OpenSSL configuration: useAprConnector [false], useOpenSSL [true] 
2023-10-23 14:58:29 INFO  main org.apache.catalina.core.AprLifecycleListener OpenSSL successfully initialized [OpenSSL 1.1.1t  7 Feb 2023] 
2023-10-23 14:58:29 INFO  main org.apache.coyote.http11.Http11NioProtocol Initializing ProtocolHandler ["http-nio-8080"] 
2023-10-23 14:58:29 INFO  main org.apache.catalina.core.StandardService Starting service [Tomcat] 
2023-10-23 14:58:29 INFO  main org.apache.catalina.core.StandardEngine Starting Servlet engine: [Apache Tomcat/9.0.76] 
2023-10-23 14:58:30 INFO  main o.a.c.core.ContainerBase.[Tomcat].[localhost].[/] Initializing Spring embedded WebApplicationContext 
2023-10-23 14:58:30 INFO  main o.s.b.w.s.c.ServletWebServerApplicationContext Root WebApplicationContext: initialization completed in 1256 ms 
2023-10-23 14:58:31 INFO  main o.s.security.web.DefaultSecurityFilterChain Will secure any request with [org.springframework.security.web.session.DisableEncodeUrlFilter@5b74902c, org.springframework.security.web.context.request.async.WebAsyncManagerIntegrationFilter@4e4bfd9c, org.springframework.security.web.context.SecurityContextPersistenceFilter@36330be8, com.lgl.qidian.filter.security.TokenFilter@5fb8dc01, org.springframework.security.web.header.HeaderWriterFilter@2e19b30, org.springframework.security.web.authentication.logout.LogoutFilter@5a06eeef, org.springframework.security.web.savedrequest.RequestCacheAwareFilter@41f23499, org.springframework.security.web.servletapi.SecurityContextHolderAwareRequestFilter@43090195, org.springframework.security.web.authentication.AnonymousAuthenticationFilter@43ee1cf7, org.springframework.security.web.session.SessionManagementFilter@4888d1ea, org.springframework.security.web.access.ExceptionTranslationFilter@2052f095, org.springframework.security.web.access.intercept.FilterSecurityInterceptor@19e8fe55] 
2023-10-23 14:58:31 INFO  main org.apache.coyote.http11.Http11NioProtocol Starting ProtocolHandler ["http-nio-8080"] 
2023-10-23 14:58:31 INFO  main o.s.boot.web.embedded.tomcat.TomcatWebServer Tomcat started on port(s): 8080 (http) with context path '' 
2023-10-23 14:58:31 INFO  main com.lgl.qidian.QidianApplication Started QidianApplication in 3.404 seconds (JVM running for 5.472) 
2023-10-23 14:59:12 INFO  main com.lgl.qidian.QidianApplication Starting QidianApplication using Java 11.0.18 on lgl with PID 12644 (D:\ideaWork\qidian\target\classes started by ASUS in D:\ideaWork\qidian) 
2023-10-23 14:59:12 INFO  main com.lgl.qidian.QidianApplication No active profile set, falling back to 1 default profile: "default" 
2023-10-23 14:59:12 INFO  background-preinit org.hibernate.validator.internal.util.Version HV000001: Hibernate Validator 6.2.5.Final 
2023-10-23 14:59:13 INFO  main o.s.d.r.config.RepositoryConfigurationDelegate Multiple Spring Data modules found, entering strict repository configuration mode 
2023-10-23 14:59:13 INFO  main o.s.d.r.config.RepositoryConfigurationDelegate Bootstrapping Spring Data Redis repositories in DEFAULT mode. 
2023-10-23 14:59:13 INFO  main o.s.d.r.config.RepositoryConfigurationDelegate Finished Spring Data repository scanning in 17 ms. Found 0 Redis repository interfaces. 
2023-10-23 14:59:14 INFO  main o.s.boot.web.embedded.tomcat.TomcatWebServer Tomcat initialized with port(s): 8080 (http) 
2023-10-23 14:59:14 INFO  main org.apache.catalina.core.AprLifecycleListener Loaded Apache Tomcat Native library [1.2.36] using APR version [1.7.2]. 
2023-10-23 14:59:14 INFO  main org.apache.catalina.core.AprLifecycleListener APR capabilities: IPv6 [true], sendfile [true], accept filters [false], random [true], UDS [true]. 
2023-10-23 14:59:14 INFO  main org.apache.catalina.core.AprLifecycleListener APR/OpenSSL configuration: useAprConnector [false], useOpenSSL [true] 
2023-10-23 14:59:14 INFO  main org.apache.catalina.core.AprLifecycleListener OpenSSL successfully initialized [OpenSSL 1.1.1t  7 Feb 2023] 
2023-10-23 14:59:14 INFO  main org.apache.coyote.http11.Http11NioProtocol Initializing ProtocolHandler ["http-nio-8080"] 
2023-10-23 14:59:14 INFO  main org.apache.catalina.core.StandardService Starting service [Tomcat] 
2023-10-23 14:59:14 INFO  main org.apache.catalina.core.StandardEngine Starting Servlet engine: [Apache Tomcat/9.0.76] 
2023-10-23 14:59:14 INFO  main o.a.c.core.ContainerBase.[Tomcat].[localhost].[/] Initializing Spring embedded WebApplicationContext 
2023-10-23 14:59:14 INFO  main o.s.b.w.s.c.ServletWebServerApplicationContext Root WebApplicationContext: initialization completed in 1385 ms 
2023-10-23 14:59:15 INFO  main o.s.security.web.DefaultSecurityFilterChain Will secure any request with [org.springframework.security.web.session.DisableEncodeUrlFilter@5d22ed6c, org.springframework.security.web.context.request.async.WebAsyncManagerIntegrationFilter@37c37d67, org.springframework.security.web.context.SecurityContextPersistenceFilter@780c0, com.lgl.qidian.filter.security.TokenFilter@113dcaf8, org.springframework.security.web.header.HeaderWriterFilter@5a06eeef, org.springframework.security.web.authentication.logout.LogoutFilter@19e8fe55, org.springframework.security.web.savedrequest.RequestCacheAwareFilter@7ec5aad, org.springframework.security.web.servletapi.SecurityContextHolderAwareRequestFilter@6a38e3d1, org.springframework.security.web.authentication.AnonymousAuthenticationFilter@5a4b8e25, org.springframework.security.web.session.SessionManagementFilter@538905d2, org.springframework.security.web.access.ExceptionTranslationFilter@1859e55c, org.springframework.security.web.access.intercept.FilterSecurityInterceptor@626df173] 
2023-10-23 14:59:15 INFO  main org.apache.coyote.http11.Http11NioProtocol Starting ProtocolHandler ["http-nio-8080"] 
2023-10-23 14:59:15 INFO  main o.s.boot.web.embedded.tomcat.TomcatWebServer Tomcat started on port(s): 8080 (http) with context path '' 
2023-10-23 14:59:15 INFO  main com.lgl.qidian.QidianApplication Started QidianApplication in 3.65 seconds (JVM running for 5.48) 
2023-10-23 14:59:31 INFO  http-nio-8080-exec-2 o.a.c.core.ContainerBase.[Tomcat].[localhost].[/] Initializing Spring DispatcherServlet 'dispatcherServlet' 
2023-10-23 14:59:31 INFO  http-nio-8080-exec-2 org.springframework.web.servlet.DispatcherServlet Initializing Servlet 'dispatcherServlet' 
2023-10-23 14:59:31 INFO  http-nio-8080-exec-2 org.springframework.web.servlet.DispatcherServlet Completed initialization in 1 ms 
2023-10-23 14:59:56 INFO  main com.lgl.qidian.QidianApplication Starting QidianApplication using Java 11.0.18 on lgl with PID 10316 (D:\ideaWork\qidian\target\classes started by ASUS in D:\ideaWork\qidian) 
2023-10-23 14:59:56 INFO  background-preinit org.hibernate.validator.internal.util.Version HV000001: Hibernate Validator 6.2.5.Final 
2023-10-23 14:59:56 INFO  main com.lgl.qidian.QidianApplication No active profile set, falling back to 1 default profile: "default" 
2023-10-23 14:59:56 INFO  main o.s.d.r.config.RepositoryConfigurationDelegate Multiple Spring Data modules found, entering strict repository configuration mode 
2023-10-23 14:59:56 INFO  main o.s.d.r.config.RepositoryConfigurationDelegate Bootstrapping Spring Data Redis repositories in DEFAULT mode. 
2023-10-23 14:59:56 INFO  main o.s.d.r.config.RepositoryConfigurationDelegate Finished Spring Data repository scanning in 11 ms. Found 0 Redis repository interfaces. 
2023-10-23 14:59:57 INFO  main o.s.boot.web.embedded.tomcat.TomcatWebServer Tomcat initialized with port(s): 8080 (http) 
2023-10-23 14:59:57 INFO  main org.apache.catalina.core.AprLifecycleListener Loaded Apache Tomcat Native library [1.2.36] using APR version [1.7.2]. 
2023-10-23 14:59:57 INFO  main org.apache.catalina.core.AprLifecycleListener APR capabilities: IPv6 [true], sendfile [true], accept filters [false], random [true], UDS [true]. 
2023-10-23 14:59:57 INFO  main org.apache.catalina.core.AprLifecycleListener APR/OpenSSL configuration: useAprConnector [false], useOpenSSL [true] 
2023-10-23 14:59:57 INFO  main org.apache.catalina.core.AprLifecycleListener OpenSSL successfully initialized [OpenSSL 1.1.1t  7 Feb 2023] 
2023-10-23 14:59:57 INFO  main org.apache.coyote.http11.Http11NioProtocol Initializing ProtocolHandler ["http-nio-8080"] 
2023-10-23 14:59:57 INFO  main org.apache.catalina.core.StandardService Starting service [Tomcat] 
2023-10-23 14:59:57 INFO  main org.apache.catalina.core.StandardEngine Starting Servlet engine: [Apache Tomcat/9.0.76] 
2023-10-23 14:59:57 INFO  main o.a.c.core.ContainerBase.[Tomcat].[localhost].[/] Initializing Spring embedded WebApplicationContext 
2023-10-23 14:59:57 INFO  main o.s.b.w.s.c.ServletWebServerApplicationContext Root WebApplicationContext: initialization completed in 1348 ms 
2023-10-23 14:59:59 INFO  main o.s.security.web.DefaultSecurityFilterChain Will secure any request with [org.springframework.security.web.session.DisableEncodeUrlFilter@3d7314b3, org.springframework.security.web.context.request.async.WebAsyncManagerIntegrationFilter@d677be9, org.springframework.security.web.context.SecurityContextPersistenceFilter@7977f046, com.lgl.qidian.filter.security.TokenFilter@2ee92e7d, org.springframework.security.web.header.HeaderWriterFilter@4888d1ea, org.springframework.security.web.authentication.logout.LogoutFilter@5e62ca19, org.springframework.security.web.savedrequest.RequestCacheAwareFilter@441aa7ae, org.springframework.security.web.servletapi.SecurityContextHolderAwareRequestFilter@1859e55c, org.springframework.security.web.authentication.AnonymousAuthenticationFilter@fefb66c, org.springframework.security.web.session.SessionManagementFilter@46fa2a7e, org.springframework.security.web.access.ExceptionTranslationFilter@4aba7617, org.springframework.security.web.access.intercept.FilterSecurityInterceptor@c6244e7] 
2023-10-23 14:59:59 INFO  main org.apache.coyote.http11.Http11NioProtocol Starting ProtocolHandler ["http-nio-8080"] 
2023-10-23 14:59:59 INFO  main o.s.boot.web.embedded.tomcat.TomcatWebServer Tomcat started on port(s): 8080 (http) with context path '' 
2023-10-23 14:59:59 INFO  main com.lgl.qidian.QidianApplication Started QidianApplication in 3.741 seconds (JVM running for 5.689) 
2023-10-23 15:00:01 INFO  http-nio-8080-exec-2 o.a.c.core.ContainerBase.[Tomcat].[localhost].[/] Initializing Spring DispatcherServlet 'dispatcherServlet' 
2023-10-23 15:00:01 INFO  http-nio-8080-exec-2 org.springframework.web.servlet.DispatcherServlet Initializing Servlet 'dispatcherServlet' 
2023-10-23 15:00:01 INFO  http-nio-8080-exec-2 org.springframework.web.servlet.DispatcherServlet Completed initialization in 1 ms 
2023-10-23 15:00:40 INFO  main com.lgl.qidian.QidianApplication Starting QidianApplication using Java 11.0.18 on lgl with PID 12532 (D:\ideaWork\qidian\target\classes started by ASUS in D:\ideaWork\qidian) 
2023-10-23 15:00:40 INFO  background-preinit org.hibernate.validator.internal.util.Version HV000001: Hibernate Validator 6.2.5.Final 
2023-10-23 15:00:40 INFO  main com.lgl.qidian.QidianApplication No active profile set, falling back to 1 default profile: "default" 
2023-10-23 15:00:41 INFO  main o.s.d.r.config.RepositoryConfigurationDelegate Multiple Spring Data modules found, entering strict repository configuration mode 
2023-10-23 15:00:41 INFO  main o.s.d.r.config.RepositoryConfigurationDelegate Bootstrapping Spring Data Redis repositories in DEFAULT mode. 
2023-10-23 15:00:41 INFO  main o.s.d.r.config.RepositoryConfigurationDelegate Finished Spring Data repository scanning in 13 ms. Found 0 Redis repository interfaces. 
2023-10-23 15:00:41 INFO  main o.s.boot.web.embedded.tomcat.TomcatWebServer Tomcat initialized with port(s): 8080 (http) 
2023-10-23 15:00:41 INFO  main org.apache.catalina.core.AprLifecycleListener Loaded Apache Tomcat Native library [1.2.36] using APR version [1.7.2]. 
2023-10-23 15:00:41 INFO  main org.apache.catalina.core.AprLifecycleListener APR capabilities: IPv6 [true], sendfile [true], accept filters [false], random [true], UDS [true]. 
2023-10-23 15:00:41 INFO  main org.apache.catalina.core.AprLifecycleListener APR/OpenSSL configuration: useAprConnector [false], useOpenSSL [true] 
2023-10-23 15:00:41 INFO  main org.apache.catalina.core.AprLifecycleListener OpenSSL successfully initialized [OpenSSL 1.1.1t  7 Feb 2023] 
2023-10-23 15:00:41 INFO  main org.apache.coyote.http11.Http11NioProtocol Initializing ProtocolHandler ["http-nio-8080"] 
2023-10-23 15:00:41 INFO  main org.apache.catalina.core.StandardService Starting service [Tomcat] 
2023-10-23 15:00:41 INFO  main org.apache.catalina.core.StandardEngine Starting Servlet engine: [Apache Tomcat/9.0.76] 
2023-10-23 15:00:41 INFO  main o.a.c.core.ContainerBase.[Tomcat].[localhost].[/] Initializing Spring embedded WebApplicationContext 
2023-10-23 15:00:41 INFO  main o.s.b.w.s.c.ServletWebServerApplicationContext Root WebApplicationContext: initialization completed in 1310 ms 
2023-10-23 15:00:43 INFO  main o.s.security.web.DefaultSecurityFilterChain Will secure any request with [org.springframework.security.web.session.DisableEncodeUrlFilter@5a4b8e25, org.springframework.security.web.context.request.async.WebAsyncManagerIntegrationFilter@1013871e, org.springframework.security.web.context.SecurityContextPersistenceFilter@780c0, com.lgl.qidian.filter.security.TokenFilter@423f8a73, org.springframework.security.web.header.HeaderWriterFilter@5a06eeef, org.springframework.security.web.authentication.logout.LogoutFilter@19e8fe55, org.springframework.security.web.savedrequest.RequestCacheAwareFilter@7ec5aad, org.springframework.security.web.servletapi.SecurityContextHolderAwareRequestFilter@6a38e3d1, org.springframework.security.web.authentication.AnonymousAuthenticationFilter@5a9051fd, org.springframework.security.web.session.SessionManagementFilter@538905d2, org.springframework.security.web.access.ExceptionTranslationFilter@1859e55c, org.springframework.security.web.access.intercept.FilterSecurityInterceptor@2411b935] 
2023-10-23 15:00:43 INFO  main org.apache.coyote.http11.Http11NioProtocol Starting ProtocolHandler ["http-nio-8080"] 
2023-10-23 15:00:43 INFO  main o.s.boot.web.embedded.tomcat.TomcatWebServer Tomcat started on port(s): 8080 (http) with context path '' 
2023-10-23 15:00:43 INFO  main com.lgl.qidian.QidianApplication Started QidianApplication in 3.369 seconds (JVM running for 5.521) 
2023-10-23 15:00:51 INFO  http-nio-8080-exec-2 o.a.c.core.ContainerBase.[Tomcat].[localhost].[/] Initializing Spring DispatcherServlet 'dispatcherServlet' 
2023-10-23 15:00:51 INFO  http-nio-8080-exec-2 org.springframework.web.servlet.DispatcherServlet Initializing Servlet 'dispatcherServlet' 
2023-10-23 15:00:51 INFO  http-nio-8080-exec-2 org.springframework.web.servlet.DispatcherServlet Completed initialization in 1 ms 
2023-10-23 15:02:05 INFO  main com.lgl.qidian.QidianApplication Starting QidianApplication using Java 11.0.18 on lgl with PID 9116 (D:\ideaWork\qidian\target\classes started by ASUS in D:\ideaWork\qidian) 
2023-10-23 15:02:05 INFO  main com.lgl.qidian.QidianApplication No active profile set, falling back to 1 default profile: "default" 
2023-10-23 15:02:05 INFO  background-preinit org.hibernate.validator.internal.util.Version HV000001: Hibernate Validator 6.2.5.Final 
2023-10-23 15:02:06 INFO  main o.s.d.r.config.RepositoryConfigurationDelegate Multiple Spring Data modules found, entering strict repository configuration mode 
2023-10-23 15:02:06 INFO  main o.s.d.r.config.RepositoryConfigurationDelegate Bootstrapping Spring Data Redis repositories in DEFAULT mode. 
2023-10-23 15:02:06 INFO  main o.s.d.r.config.RepositoryConfigurationDelegate Finished Spring Data repository scanning in 11 ms. Found 0 Redis repository interfaces. 
2023-10-23 15:02:06 INFO  main o.s.boot.web.embedded.tomcat.TomcatWebServer Tomcat initialized with port(s): 8080 (http) 
2023-10-23 15:02:06 INFO  main org.apache.catalina.core.AprLifecycleListener Loaded Apache Tomcat Native library [1.2.36] using APR version [1.7.2]. 
2023-10-23 15:02:06 INFO  main org.apache.catalina.core.AprLifecycleListener APR capabilities: IPv6 [true], sendfile [true], accept filters [false], random [true], UDS [true]. 
2023-10-23 15:02:06 INFO  main org.apache.catalina.core.AprLifecycleListener APR/OpenSSL configuration: useAprConnector [false], useOpenSSL [true] 
2023-10-23 15:02:06 INFO  main org.apache.catalina.core.AprLifecycleListener OpenSSL successfully initialized [OpenSSL 1.1.1t  7 Feb 2023] 
2023-10-23 15:02:06 INFO  main org.apache.coyote.http11.Http11NioProtocol Initializing ProtocolHandler ["http-nio-8080"] 
2023-10-23 15:02:06 INFO  main org.apache.catalina.core.StandardService Starting service [Tomcat] 
2023-10-23 15:02:06 INFO  main org.apache.catalina.core.StandardEngine Starting Servlet engine: [Apache Tomcat/9.0.76] 
2023-10-23 15:02:06 INFO  main o.a.c.core.ContainerBase.[Tomcat].[localhost].[/] Initializing Spring embedded WebApplicationContext 
2023-10-23 15:02:06 INFO  main o.s.b.w.s.c.ServletWebServerApplicationContext Root WebApplicationContext: initialization completed in 1245 ms 
2023-10-23 15:02:08 INFO  main o.s.security.web.DefaultSecurityFilterChain Will secure any request with [org.springframework.security.web.session.DisableEncodeUrlFilter@194e78af, org.springframework.security.web.context.request.async.WebAsyncManagerIntegrationFilter@4fe4503a, org.springframework.security.web.context.SecurityContextPersistenceFilter@73e399cc, com.lgl.qidian.filter.security.TokenFilter@727986ad, org.springframework.security.web.header.HeaderWriterFilter@3f6906f4, org.springframework.security.web.authentication.logout.LogoutFilter@72168258, org.springframework.security.web.savedrequest.RequestCacheAwareFilter@538905d2, org.springframework.security.web.servletapi.SecurityContextHolderAwareRequestFilter@5e62ca19, org.springframework.security.web.authentication.AnonymousAuthenticationFilter@669580e2, org.springframework.security.web.session.SessionManagementFilter@104bc677, org.springframework.security.web.access.ExceptionTranslationFilter@53079ae6, org.springframework.security.web.access.intercept.FilterSecurityInterceptor@24010875] 
2023-10-23 15:02:08 INFO  main org.apache.coyote.http11.Http11NioProtocol Starting ProtocolHandler ["http-nio-8080"] 
2023-10-23 15:02:08 INFO  main o.s.boot.web.embedded.tomcat.TomcatWebServer Tomcat started on port(s): 8080 (http) with context path '' 
2023-10-23 15:02:08 INFO  main com.lgl.qidian.QidianApplication Started QidianApplication in 3.338 seconds (JVM running for 5.129) 
2023-10-23 15:02:42 INFO  http-nio-8080-exec-1 o.a.c.core.ContainerBase.[Tomcat].[localhost].[/] Initializing Spring DispatcherServlet 'dispatcherServlet' 
2023-10-23 15:02:42 INFO  http-nio-8080-exec-1 org.springframework.web.servlet.DispatcherServlet Initializing Servlet 'dispatcherServlet' 
2023-10-23 15:02:42 INFO  http-nio-8080-exec-1 org.springframework.web.servlet.DispatcherServlet Completed initialization in 1 ms 
2023-10-23 15:03:42 INFO  http-nio-8080-exec-2 com.zaxxer.hikari.HikariDataSource HikariPool-1 - Starting... 
2023-10-23 15:03:42 INFO  http-nio-8080-exec-2 com.zaxxer.hikari.HikariDataSource HikariPool-1 - Start completed. 
2023-10-23 15:23:29 INFO  SpringApplicationShutdownHook com.zaxxer.hikari.HikariDataSource HikariPool-1 - Shutdown initiated... 
2023-10-23 15:23:29 INFO  SpringApplicationShutdownHook com.zaxxer.hikari.HikariDataSource HikariPool-1 - Shutdown completed. 
2023-10-23 23:15:38 INFO  background-preinit org.hibernate.validator.internal.util.Version HV000001: Hibernate Validator 6.2.5.Final 
2023-10-23 23:15:38 INFO  main com.lgl.qidian.QidianApplication Starting QidianApplication using Java 11.0.18 on lgl with PID 19096 (D:\ideaWork\qidian\target\classes started by ASUS in D:\ideaWork\qidian) 
2023-10-23 23:15:38 INFO  main com.lgl.qidian.QidianApplication No active profile set, falling back to 1 default profile: "default" 
2023-10-23 23:15:39 INFO  main o.s.d.r.config.RepositoryConfigurationDelegate Multiple Spring Data modules found, entering strict repository configuration mode 
2023-10-23 23:15:39 INFO  main o.s.d.r.config.RepositoryConfigurationDelegate Bootstrapping Spring Data Redis repositories in DEFAULT mode. 
2023-10-23 23:15:39 INFO  main o.s.d.r.config.RepositoryConfigurationDelegate Finished Spring Data repository scanning in 13 ms. Found 0 Redis repository interfaces. 
2023-10-23 23:15:39 INFO  main o.s.boot.web.embedded.tomcat.TomcatWebServer Tomcat initialized with port(s): 8080 (http) 
2023-10-23 23:15:39 INFO  main org.apache.catalina.core.AprLifecycleListener Loaded Apache Tomcat Native library [1.2.36] using APR version [1.7.2]. 
2023-10-23 23:15:39 INFO  main org.apache.catalina.core.AprLifecycleListener APR capabilities: IPv6 [true], sendfile [true], accept filters [false], random [true], UDS [true]. 
2023-10-23 23:15:39 INFO  main org.apache.catalina.core.AprLifecycleListener APR/OpenSSL configuration: useAprConnector [false], useOpenSSL [true] 
2023-10-23 23:15:39 INFO  main org.apache.catalina.core.AprLifecycleListener OpenSSL successfully initialized [OpenSSL 1.1.1t  7 Feb 2023] 
2023-10-23 23:15:39 INFO  main org.apache.coyote.http11.Http11NioProtocol Initializing ProtocolHandler ["http-nio-8080"] 
2023-10-23 23:15:39 INFO  main org.apache.catalina.core.StandardService Starting service [Tomcat] 
2023-10-23 23:15:39 INFO  main org.apache.catalina.core.StandardEngine Starting Servlet engine: [Apache Tomcat/9.0.76] 
2023-10-23 23:15:39 INFO  main o.a.c.core.ContainerBase.[Tomcat].[localhost].[/] Initializing Spring embedded WebApplicationContext 
2023-10-23 23:15:39 INFO  main o.s.b.w.s.c.ServletWebServerApplicationContext Root WebApplicationContext: initialization completed in 1512 ms 
2023-10-23 23:15:41 INFO  main o.s.security.web.DefaultSecurityFilterChain Will secure any request with [org.springframework.security.web.session.DisableEncodeUrlFilter@24258b54, org.springframework.security.web.context.request.async.WebAsyncManagerIntegrationFilter@493968a9, org.springframework.security.web.context.SecurityContextPersistenceFilter@674ed201, com.lgl.qidian.filter.security.TokenFilter@5c82031b, org.springframework.security.web.header.HeaderWriterFilter@4bf10fe1, org.springframework.security.web.authentication.logout.LogoutFilter@23358740, org.springframework.security.web.savedrequest.RequestCacheAwareFilter@114b2414, org.springframework.security.web.servletapi.SecurityContextHolderAwareRequestFilter@5d5cd210, org.springframework.security.web.authentication.AnonymousAuthenticationFilter@32428874, org.springframework.security.web.session.SessionManagementFilter@57afe44b, org.springframework.security.web.access.ExceptionTranslationFilter@764db16c, org.springframework.security.web.access.intercept.FilterSecurityInterceptor@1859e55c] 
2023-10-23 23:15:41 INFO  main org.apache.coyote.http11.Http11NioProtocol Starting ProtocolHandler ["http-nio-8080"] 
2023-10-23 23:15:41 INFO  main o.s.boot.web.embedded.tomcat.TomcatWebServer Tomcat started on port(s): 8080 (http) with context path '' 
2023-10-23 23:15:41 INFO  main com.lgl.qidian.QidianApplication Started QidianApplication in 3.974 seconds (JVM running for 5.735) 
